2023-08-31 12:00:04 [DEBUG][org.springframework.web.servlet.DispatcherServlet][traceDebug][108]-> GET "/api/getAvatar/3523012094", parameters={}
2023-08-31 12:00:04 [DEBUG][org.springframework.web.servlet.mvc.method.annotation.RequestMappingHandlerMapping][getHandler][522]-> Mapped to com.easypan.controller.AccountController#getAvatar(HttpServletResponse, String)
2023-08-31 12:00:04 [DEBUG][org.springframework.web.servlet.DispatcherServlet][logResult][1131]-> Completed 200 OK
2023-08-31 12:00:07 [DEBUG][com.zaxxer.hikari.pool.HikariPool][logPoolState][421]-> HikariCPDatasource - Before cleanup stats (total=6, active=1, idle=5, waiting=0)
2023-08-31 12:00:07 [DEBUG][com.zaxxer.hikari.pool.HikariPool][logPoolState][421]-> HikariCPDatasource - After cleanup  stats (total=6, active=1, idle=5, waiting=0)
2023-08-31 12:00:07 [DEBUG][com.zaxxer.hikari.pool.HikariPool][fillPool][518]-> HikariCPDatasource - Fill pool skipped, pool is at sufficient level.
2023-08-31 12:00:23 [DEBUG][org.springframework.web.servlet.DispatcherServlet][traceDebug][108]-> GET "/api/getAvatar/undefined", parameters={}
2023-08-31 12:00:23 [DEBUG][org.springframework.web.servlet.mvc.method.annotation.RequestMappingHandlerMapping][getHandler][522]-> Mapped to com.easypan.controller.AccountController#getAvatar(HttpServletResponse, String)
2023-08-31 12:00:23 [DEBUG][org.springframework.web.servlet.DispatcherServlet][logResult][1131]-> Completed 200 OK
2023-08-31 12:00:36 [DEBUG][org.springframework.web.servlet.DispatcherServlet][traceDebug][108]-> POST "/api/updateUserAvatar", parameters={multipart}
2023-08-31 12:00:36 [DEBUG][org.springframework.web.servlet.mvc.method.annotation.RequestMappingHandlerMapping][getHandler][522]-> Mapped to com.easypan.controller.AccountController#updateUserAvatar(HttpSession, MultipartFile)
2023-08-31 12:00:36 [DEBUG][org.mybatis.spring.SqlSessionUtils][getSqlSession][97]-> Creating a new SqlSession
2023-08-31 12:00:36 [DEBUG][org.mybatis.spring.SqlSessionUtils][registerSessionHolder][148]-> SqlSession [org.apache.ibatis.session.defaults.DefaultSqlSession@3e4b2a9d] was not registered for synchronization because synchronization is not active
2023-08-31 12:00:36 [DEBUG][org.springframework.jdbc.datasource.DataSourceUtils][doGetConnection][116]-> Fetching JDBC Connection from DataSource
2023-08-31 12:00:36 [DEBUG][org.mybatis.spring.transaction.SpringManagedTransaction][openConnection][87]-> JDBC Connection [HikariProxyConnection@2105000786 wrapping com.mysql.cj.jdbc.ConnectionImpl@15da74c7] will not be managed by Spring
2023-08-31 12:00:36 [DEBUG][com.easypan.mappers.UserInfoMapper.updateByUserId][debug][159]-> ==>  Preparing: UPDATE user_info SET qq_avatar = ? where user_id=? 
2023-08-31 12:00:36 [DEBUG][com.easypan.mappers.UserInfoMapper.updateByUserId][debug][159]-> ==> Parameters: (String), 3523012094(String)
2023-08-31 12:00:36 [DEBUG][com.easypan.mappers.UserInfoMapper.updateByUserId][debug][159]-> <==    Updates: 1
2023-08-31 12:00:36 [DEBUG][org.mybatis.spring.SqlSessionUtils][closeSqlSession][191]-> Closing non transactional SqlSession [org.apache.ibatis.session.defaults.DefaultSqlSession@3e4b2a9d]
2023-08-31 12:00:36 [DEBUG][org.springframework.web.servlet.mvc.method.annotation.RequestResponseBodyMethodProcessor][writeWithMessageConverters][268]-> Using 'application/json', given [application/json, text/plain, */*] and supported [application/json, application/*+json, application/json, application/*+json]
2023-08-31 12:00:36 [DEBUG][org.springframework.web.servlet.mvc.method.annotation.RequestResponseBodyMethodProcessor][traceDebug][108]-> Writing [com.easypan.entity.vo.ResponseVO@7d82b4b6]
2023-08-31 12:00:36 [DEBUG][org.springframework.web.servlet.DispatcherServlet][logResult][1131]-> Completed 200 OK
2023-08-31 12:00:36 [DEBUG][org.springframework.web.servlet.DispatcherServlet][traceDebug][108]-> GET "/api/getAvatar/3523012094?1693454436376", parameters={masked}
2023-08-31 12:00:36 [DEBUG][org.springframework.web.servlet.mvc.method.annotation.RequestMappingHandlerMapping][getHandler][522]-> Mapped to com.easypan.controller.AccountController#getAvatar(HttpServletResponse, String)
2023-08-31 12:00:36 [DEBUG][org.springframework.web.servlet.DispatcherServlet][logResult][1131]-> Completed 200 OK
2023-08-31 12:00:37 [DEBUG][com.zaxxer.hikari.pool.HikariPool][logPoolState][421]-> HikariCPDatasource - Before cleanup stats (total=6, active=1, idle=5, waiting=0)
2023-08-31 12:00:37 [DEBUG][com.zaxxer.hikari.pool.HikariPool][logPoolState][421]-> HikariCPDatasource - After cleanup  stats (total=6, active=1, idle=5, waiting=0)
2023-08-31 12:00:37 [DEBUG][com.zaxxer.hikari.pool.HikariPool][fillPool][518]-> HikariCPDatasource - Fill pool skipped, pool is at sufficient level.
2023-08-31 12:01:07 [DEBUG][com.zaxxer.hikari.pool.HikariPool][logPoolState][421]-> HikariCPDatasource - Before cleanup stats (total=6, active=1, idle=5, waiting=0)
2023-08-31 12:01:07 [DEBUG][com.zaxxer.hikari.pool.HikariPool][logPoolState][421]-> HikariCPDatasource - After cleanup  stats (total=6, active=1, idle=5, waiting=0)
2023-08-31 12:01:07 [DEBUG][com.zaxxer.hikari.pool.HikariPool][fillPool][518]-> HikariCPDatasource - Fill pool skipped, pool is at sufficient level.
2023-08-31 12:01:36 [DEBUG][org.mybatis.spring.SqlSessionUtils][getSqlSession][97]-> Creating a new SqlSession
2023-08-31 12:01:36 [DEBUG][org.mybatis.spring.SqlSessionUtils][registerSessionHolder][148]-> SqlSession [org.apache.ibatis.session.defaults.DefaultSqlSession@68915bb3] was not registered for synchronization because synchronization is not active
2023-08-31 12:01:36 [DEBUG][org.springframework.jdbc.datasource.DataSourceUtils][doGetConnection][116]-> Fetching JDBC Connection from DataSource
2023-08-31 12:01:36 [DEBUG][org.mybatis.spring.transaction.SpringManagedTransaction][openConnection][87]-> JDBC Connection [HikariProxyConnection@598186553 wrapping com.mysql.cj.jdbc.ConnectionImpl@15da74c7] will not be managed by Spring
2023-08-31 12:01:36 [DEBUG][com.easypan.mappers.FileInfoMapper.selectList][debug][159]-> ==>  Preparing: SELECT file_id ,user_id,file_md5,file_pid,file_size, file_name,file_cover,file_path,create_time,last_update_time, folder_type,file_category,file_type,status,recovery_time, del_flag FROM file_info f WHERE del_flag = ? and recovery_time< date_sub(now(),interval 10 day) 
2023-08-31 12:01:36 [DEBUG][com.easypan.mappers.FileInfoMapper.selectList][debug][159]-> ==> Parameters: 1(Integer)
2023-08-31 12:01:36 [DEBUG][com.easypan.mappers.FileInfoMapper.selectList][debug][159]-> <==      Total: 0
2023-08-31 12:01:36 [DEBUG][org.mybatis.spring.SqlSessionUtils][closeSqlSession][191]-> Closing non transactional SqlSession [org.apache.ibatis.session.defaults.DefaultSqlSession@68915bb3]
2023-08-31 12:01:37 [DEBUG][com.zaxxer.hikari.pool.HikariPool][logPoolState][421]-> HikariCPDatasource - Before cleanup stats (total=6, active=1, idle=5, waiting=0)
2023-08-31 12:01:37 [DEBUG][com.zaxxer.hikari.pool.HikariPool][logPoolState][421]-> HikariCPDatasource - After cleanup  stats (total=6, active=1, idle=5, waiting=0)
2023-08-31 12:01:37 [DEBUG][com.zaxxer.hikari.pool.HikariPool][fillPool][518]-> HikariCPDatasource - Fill pool skipped, pool is at sufficient level.
2023-08-31 12:02:07 [DEBUG][com.zaxxer.hikari.pool.HikariPool][logPoolState][421]-> HikariCPDatasource - Before cleanup stats (total=6, active=1, idle=5, waiting=0)
2023-08-31 12:02:07 [DEBUG][com.zaxxer.hikari.pool.HikariPool][logPoolState][421]-> HikariCPDatasource - After cleanup  stats (total=6, active=1, idle=5, waiting=0)
2023-08-31 12:02:07 [DEBUG][com.zaxxer.hikari.pool.HikariPool][fillPool][518]-> HikariCPDatasource - Fill pool skipped, pool is at sufficient level.
2023-08-31 12:02:37 [DEBUG][com.zaxxer.hikari.pool.HikariPool][logPoolState][421]-> HikariCPDatasource - Before cleanup stats (total=6, active=1, idle=5, waiting=0)
2023-08-31 12:02:37 [DEBUG][com.zaxxer.hikari.pool.HikariPool][logPoolState][421]-> HikariCPDatasource - After cleanup  stats (total=6, active=1, idle=5, waiting=0)
2023-08-31 12:02:37 [DEBUG][com.zaxxer.hikari.pool.HikariPool][fillPool][518]-> HikariCPDatasource - Fill pool skipped, pool is at sufficient level.
2023-08-31 12:03:07 [DEBUG][com.zaxxer.hikari.pool.HikariPool][logPoolState][421]-> HikariCPDatasource - Before cleanup stats (total=6, active=1, idle=5, waiting=0)
2023-08-31 12:03:07 [DEBUG][com.zaxxer.hikari.pool.HikariPool][logPoolState][421]-> HikariCPDatasource - After cleanup  stats (total=6, active=1, idle=5, waiting=0)
2023-08-31 12:03:07 [DEBUG][com.zaxxer.hikari.pool.HikariPool][fillPool][518]-> HikariCPDatasource - Fill pool skipped, pool is at sufficient level.
2023-08-31 12:03:37 [DEBUG][com.zaxxer.hikari.pool.HikariPool][logPoolState][421]-> HikariCPDatasource - Before cleanup stats (total=6, active=1, idle=5, waiting=0)
2023-08-31 12:03:37 [DEBUG][com.zaxxer.hikari.pool.HikariPool][logPoolState][421]-> HikariCPDatasource - After cleanup  stats (total=6, active=1, idle=5, waiting=0)
2023-08-31 12:03:37 [DEBUG][com.zaxxer.hikari.pool.HikariPool][fillPool][518]-> HikariCPDatasource - Fill pool skipped, pool is at sufficient level.
2023-08-31 12:04:07 [DEBUG][com.zaxxer.hikari.pool.HikariPool][logPoolState][421]-> HikariCPDatasource - Before cleanup stats (total=6, active=1, idle=5, waiting=0)
2023-08-31 12:04:07 [DEBUG][com.zaxxer.hikari.pool.HikariPool][logPoolState][421]-> HikariCPDatasource - After cleanup  stats (total=6, active=1, idle=5, waiting=0)
2023-08-31 12:04:07 [DEBUG][com.zaxxer.hikari.pool.HikariPool][fillPool][518]-> HikariCPDatasource - Fill pool skipped, pool is at sufficient level.
2023-08-31 12:04:36 [DEBUG][org.mybatis.spring.SqlSessionUtils][getSqlSession][97]-> Creating a new SqlSession
2023-08-31 12:04:36 [DEBUG][org.mybatis.spring.SqlSessionUtils][registerSessionHolder][148]-> SqlSession [org.apache.ibatis.session.defaults.DefaultSqlSession@76c0adfc] was not registered for synchronization because synchronization is not active
2023-08-31 12:04:36 [DEBUG][org.springframework.jdbc.datasource.DataSourceUtils][doGetConnection][116]-> Fetching JDBC Connection from DataSource
2023-08-31 12:04:36 [DEBUG][org.mybatis.spring.transaction.SpringManagedTransaction][openConnection][87]-> JDBC Connection [HikariProxyConnection@1559773080 wrapping com.mysql.cj.jdbc.ConnectionImpl@15da74c7] will not be managed by Spring
2023-08-31 12:04:36 [DEBUG][com.easypan.mappers.FileInfoMapper.selectList][debug][159]-> ==>  Preparing: SELECT file_id ,user_id,file_md5,file_pid,file_size, file_name,file_cover,file_path,create_time,last_update_time, folder_type,file_category,file_type,status,recovery_time, del_flag FROM file_info f WHERE del_flag = ? and recovery_time< date_sub(now(),interval 10 day) 
2023-08-31 12:04:36 [DEBUG][com.easypan.mappers.FileInfoMapper.selectList][debug][159]-> ==> Parameters: 1(Integer)
2023-08-31 12:04:36 [DEBUG][com.easypan.mappers.FileInfoMapper.selectList][debug][159]-> <==      Total: 0
2023-08-31 12:04:36 [DEBUG][org.mybatis.spring.SqlSessionUtils][closeSqlSession][191]-> Closing non transactional SqlSession [org.apache.ibatis.session.defaults.DefaultSqlSession@76c0adfc]
2023-08-31 12:04:37 [DEBUG][com.zaxxer.hikari.pool.HikariPool][logPoolState][421]-> HikariCPDatasource - Before cleanup stats (total=6, active=1, idle=5, waiting=0)
2023-08-31 12:04:37 [DEBUG][com.zaxxer.hikari.pool.HikariPool][logPoolState][421]-> HikariCPDatasource - After cleanup  stats (total=6, active=1, idle=5, waiting=0)
2023-08-31 12:04:37 [DEBUG][com.zaxxer.hikari.pool.HikariPool][fillPool][518]-> HikariCPDatasource - Fill pool skipped, pool is at sufficient level.
2023-08-31 12:05:07 [DEBUG][com.zaxxer.hikari.pool.HikariPool][logPoolState][421]-> HikariCPDatasource - Before cleanup stats (total=6, active=1, idle=5, waiting=0)
2023-08-31 12:05:07 [DEBUG][com.zaxxer.hikari.pool.HikariPool][logPoolState][421]-> HikariCPDatasource - After cleanup  stats (total=6, active=1, idle=5, waiting=0)
2023-08-31 12:05:07 [DEBUG][com.zaxxer.hikari.pool.HikariPool][fillPool][518]-> HikariCPDatasource - Fill pool skipped, pool is at sufficient level.
2023-08-31 12:05:37 [DEBUG][com.zaxxer.hikari.pool.HikariPool][logPoolState][421]-> HikariCPDatasource - Before cleanup stats (total=6, active=1, idle=5, waiting=0)
2023-08-31 12:05:37 [DEBUG][com.zaxxer.hikari.pool.HikariPool][logPoolState][421]-> HikariCPDatasource - After cleanup  stats (total=6, active=1, idle=5, waiting=0)
2023-08-31 12:05:37 [DEBUG][com.zaxxer.hikari.pool.HikariPool][fillPool][518]-> HikariCPDatasource - Fill pool skipped, pool is at sufficient level.
2023-08-31 12:06:07 [DEBUG][com.zaxxer.hikari.pool.HikariPool][logPoolState][421]-> HikariCPDatasource - Before cleanup stats (total=6, active=1, idle=5, waiting=0)
2023-08-31 12:06:07 [DEBUG][com.zaxxer.hikari.pool.HikariPool][logPoolState][421]-> HikariCPDatasource - After cleanup  stats (total=6, active=1, idle=5, waiting=0)
2023-08-31 12:06:07 [DEBUG][com.zaxxer.hikari.pool.HikariPool][fillPool][518]-> HikariCPDatasource - Fill pool skipped, pool is at sufficient level.
2023-08-31 12:06:37 [DEBUG][com.zaxxer.hikari.pool.HikariPool][logPoolState][421]-> HikariCPDatasource - Before cleanup stats (total=6, active=1, idle=5, waiting=0)
2023-08-31 12:06:37 [DEBUG][com.zaxxer.hikari.pool.HikariPool][logPoolState][421]-> HikariCPDatasource - After cleanup  stats (total=6, active=1, idle=5, waiting=0)
2023-08-31 12:06:37 [DEBUG][com.zaxxer.hikari.pool.HikariPool][fillPool][518]-> HikariCPDatasource - Fill pool skipped, pool is at sufficient level.
2023-08-31 12:07:07 [DEBUG][com.zaxxer.hikari.pool.HikariPool][logPoolState][421]-> HikariCPDatasource - Before cleanup stats (total=6, active=1, idle=5, waiting=0)
2023-08-31 12:07:07 [DEBUG][com.zaxxer.hikari.pool.HikariPool][logPoolState][421]-> HikariCPDatasource - After cleanup  stats (total=6, active=1, idle=5, waiting=0)
2023-08-31 12:07:07 [DEBUG][com.zaxxer.hikari.pool.HikariPool][fillPool][518]-> HikariCPDatasource - Fill pool skipped, pool is at sufficient level.
2023-08-31 12:07:36 [DEBUG][org.mybatis.spring.SqlSessionUtils][getSqlSession][97]-> Creating a new SqlSession
2023-08-31 12:07:36 [DEBUG][org.mybatis.spring.SqlSessionUtils][registerSessionHolder][148]-> SqlSession [org.apache.ibatis.session.defaults.DefaultSqlSession@4a2f17b1] was not registered for synchronization because synchronization is not active
2023-08-31 12:07:36 [DEBUG][org.springframework.jdbc.datasource.DataSourceUtils][doGetConnection][116]-> Fetching JDBC Connection from DataSource
2023-08-31 12:07:36 [DEBUG][org.mybatis.spring.transaction.SpringManagedTransaction][openConnection][87]-> JDBC Connection [HikariProxyConnection@485516196 wrapping com.mysql.cj.jdbc.ConnectionImpl@15da74c7] will not be managed by Spring
2023-08-31 12:07:36 [DEBUG][com.easypan.mappers.FileInfoMapper.selectList][debug][159]-> ==>  Preparing: SELECT file_id ,user_id,file_md5,file_pid,file_size, file_name,file_cover,file_path,create_time,last_update_time, folder_type,file_category,file_type,status,recovery_time, del_flag FROM file_info f WHERE del_flag = ? and recovery_time< date_sub(now(),interval 10 day) 
2023-08-31 12:07:36 [DEBUG][com.easypan.mappers.FileInfoMapper.selectList][debug][159]-> ==> Parameters: 1(Integer)
2023-08-31 12:07:36 [DEBUG][com.easypan.mappers.FileInfoMapper.selectList][debug][159]-> <==      Total: 0
2023-08-31 12:07:36 [DEBUG][org.mybatis.spring.SqlSessionUtils][closeSqlSession][191]-> Closing non transactional SqlSession [org.apache.ibatis.session.defaults.DefaultSqlSession@4a2f17b1]
2023-08-31 12:07:37 [DEBUG][com.zaxxer.hikari.pool.HikariPool][logPoolState][421]-> HikariCPDatasource - Before cleanup stats (total=6, active=1, idle=5, waiting=0)
2023-08-31 12:07:37 [DEBUG][com.zaxxer.hikari.pool.HikariPool][logPoolState][421]-> HikariCPDatasource - After cleanup  stats (total=6, active=1, idle=5, waiting=0)
2023-08-31 12:07:37 [DEBUG][com.zaxxer.hikari.pool.HikariPool][fillPool][518]-> HikariCPDatasource - Fill pool skipped, pool is at sufficient level.
2023-08-31 12:08:07 [DEBUG][com.zaxxer.hikari.pool.HikariPool][logPoolState][421]-> HikariCPDatasource - Before cleanup stats (total=6, active=1, idle=5, waiting=0)
2023-08-31 12:08:07 [DEBUG][com.zaxxer.hikari.pool.HikariPool][logPoolState][421]-> HikariCPDatasource - After cleanup  stats (total=6, active=1, idle=5, waiting=0)
2023-08-31 12:08:07 [DEBUG][com.zaxxer.hikari.pool.HikariPool][fillPool][518]-> HikariCPDatasource - Fill pool skipped, pool is at sufficient level.
2023-08-31 12:08:37 [DEBUG][com.zaxxer.hikari.pool.HikariPool][logPoolState][421]-> HikariCPDatasource - Before cleanup stats (total=6, active=1, idle=5, waiting=0)
2023-08-31 12:08:37 [DEBUG][com.zaxxer.hikari.pool.HikariPool][logPoolState][421]-> HikariCPDatasource - After cleanup  stats (total=6, active=1, idle=5, waiting=0)
2023-08-31 12:08:37 [DEBUG][com.zaxxer.hikari.pool.HikariPool][fillPool][518]-> HikariCPDatasource - Fill pool skipped, pool is at sufficient level.
2023-08-31 12:09:07 [DEBUG][com.zaxxer.hikari.pool.HikariPool][logPoolState][421]-> HikariCPDatasource - Before cleanup stats (total=6, active=1, idle=5, waiting=0)
2023-08-31 12:09:07 [DEBUG][com.zaxxer.hikari.pool.HikariPool][logPoolState][421]-> HikariCPDatasource - After cleanup  stats (total=6, active=1, idle=5, waiting=0)
2023-08-31 12:09:07 [DEBUG][com.zaxxer.hikari.pool.HikariPool][fillPool][518]-> HikariCPDatasource - Fill pool skipped, pool is at sufficient level.
2023-08-31 12:09:37 [DEBUG][com.zaxxer.hikari.pool.HikariPool][logPoolState][421]-> HikariCPDatasource - Before cleanup stats (total=6, active=1, idle=5, waiting=0)
2023-08-31 12:09:37 [DEBUG][com.zaxxer.hikari.pool.HikariPool][logPoolState][421]-> HikariCPDatasource - After cleanup  stats (total=6, active=1, idle=5, waiting=0)
2023-08-31 12:09:37 [DEBUG][com.zaxxer.hikari.pool.HikariPool][fillPool][518]-> HikariCPDatasource - Fill pool skipped, pool is at sufficient level.
2023-08-31 12:10:07 [DEBUG][com.zaxxer.hikari.pool.HikariPool][logPoolState][421]-> HikariCPDatasource - Before cleanup stats (total=6, active=1, idle=5, waiting=0)
2023-08-31 12:10:07 [DEBUG][com.zaxxer.hikari.pool.HikariPool][logPoolState][421]-> HikariCPDatasource - After cleanup  stats (total=6, active=1, idle=5, waiting=0)
2023-08-31 12:10:07 [DEBUG][com.zaxxer.hikari.pool.HikariPool][fillPool][518]-> HikariCPDatasource - Fill pool skipped, pool is at sufficient level.
2023-08-31 12:10:36 [DEBUG][org.mybatis.spring.SqlSessionUtils][getSqlSession][97]-> Creating a new SqlSession
2023-08-31 12:10:36 [DEBUG][org.mybatis.spring.SqlSessionUtils][registerSessionHolder][148]-> SqlSession [org.apache.ibatis.session.defaults.DefaultSqlSession@8149a7e] was not registered for synchronization because synchronization is not active
2023-08-31 12:10:36 [DEBUG][org.springframework.jdbc.datasource.DataSourceUtils][doGetConnection][116]-> Fetching JDBC Connection from DataSource
2023-08-31 12:10:36 [DEBUG][org.mybatis.spring.transaction.SpringManagedTransaction][openConnection][87]-> JDBC Connection [HikariProxyConnection@1518730035 wrapping com.mysql.cj.jdbc.ConnectionImpl@15da74c7] will not be managed by Spring
2023-08-31 12:10:36 [DEBUG][com.easypan.mappers.FileInfoMapper.selectList][debug][159]-> ==>  Preparing: SELECT file_id ,user_id,file_md5,file_pid,file_size, file_name,file_cover,file_path,create_time,last_update_time, folder_type,file_category,file_type,status,recovery_time, del_flag FROM file_info f WHERE del_flag = ? and recovery_time< date_sub(now(),interval 10 day) 
2023-08-31 12:10:36 [DEBUG][com.easypan.mappers.FileInfoMapper.selectList][debug][159]-> ==> Parameters: 1(Integer)
2023-08-31 12:10:36 [DEBUG][com.easypan.mappers.FileInfoMapper.selectList][debug][159]-> <==      Total: 0
2023-08-31 12:10:36 [DEBUG][org.mybatis.spring.SqlSessionUtils][closeSqlSession][191]-> Closing non transactional SqlSession [org.apache.ibatis.session.defaults.DefaultSqlSession@8149a7e]
2023-08-31 12:10:37 [DEBUG][com.zaxxer.hikari.pool.HikariPool][logPoolState][421]-> HikariCPDatasource - Before cleanup stats (total=6, active=1, idle=5, waiting=0)
2023-08-31 12:10:37 [DEBUG][com.zaxxer.hikari.pool.HikariPool][logPoolState][421]-> HikariCPDatasource - After cleanup  stats (total=6, active=1, idle=5, waiting=0)
2023-08-31 12:10:37 [DEBUG][com.zaxxer.hikari.pool.HikariPool][fillPool][518]-> HikariCPDatasource - Fill pool skipped, pool is at sufficient level.
2023-08-31 12:11:07 [DEBUG][com.zaxxer.hikari.pool.HikariPool][logPoolState][421]-> HikariCPDatasource - Before cleanup stats (total=6, active=1, idle=5, waiting=0)
2023-08-31 12:11:07 [DEBUG][com.zaxxer.hikari.pool.HikariPool][logPoolState][421]-> HikariCPDatasource - After cleanup  stats (total=6, active=1, idle=5, waiting=0)
2023-08-31 12:11:07 [DEBUG][com.zaxxer.hikari.pool.HikariPool][fillPool][518]-> HikariCPDatasource - Fill pool skipped, pool is at sufficient level.
2023-08-31 12:11:37 [DEBUG][com.zaxxer.hikari.pool.HikariPool][logPoolState][421]-> HikariCPDatasource - Before cleanup stats (total=6, active=1, idle=5, waiting=0)
2023-08-31 12:11:37 [DEBUG][com.zaxxer.hikari.pool.HikariPool][logPoolState][421]-> HikariCPDatasource - After cleanup  stats (total=6, active=1, idle=5, waiting=0)
2023-08-31 12:11:37 [DEBUG][com.zaxxer.hikari.pool.HikariPool][fillPool][518]-> HikariCPDatasource - Fill pool skipped, pool is at sufficient level.
2023-08-31 12:12:07 [DEBUG][com.zaxxer.hikari.pool.HikariPool][logPoolState][421]-> HikariCPDatasource - Before cleanup stats (total=6, active=1, idle=5, waiting=0)
2023-08-31 12:12:07 [DEBUG][com.zaxxer.hikari.pool.HikariPool][logPoolState][421]-> HikariCPDatasource - After cleanup  stats (total=6, active=1, idle=5, waiting=0)
2023-08-31 12:12:07 [DEBUG][com.zaxxer.hikari.pool.HikariPool][fillPool][518]-> HikariCPDatasource - Fill pool skipped, pool is at sufficient level.
2023-08-31 12:12:37 [DEBUG][com.zaxxer.hikari.pool.HikariPool][logPoolState][421]-> HikariCPDatasource - Before cleanup stats (total=6, active=1, idle=5, waiting=0)
2023-08-31 12:12:37 [DEBUG][com.zaxxer.hikari.pool.HikariPool][logPoolState][421]-> HikariCPDatasource - After cleanup  stats (total=6, active=1, idle=5, waiting=0)
2023-08-31 12:12:37 [DEBUG][com.zaxxer.hikari.pool.HikariPool][fillPool][518]-> HikariCPDatasource - Fill pool skipped, pool is at sufficient level.
2023-08-31 12:13:07 [DEBUG][com.zaxxer.hikari.pool.HikariPool][logPoolState][421]-> HikariCPDatasource - Before cleanup stats (total=6, active=1, idle=5, waiting=0)
2023-08-31 12:13:07 [DEBUG][com.zaxxer.hikari.pool.HikariPool][logPoolState][421]-> HikariCPDatasource - After cleanup  stats (total=6, active=1, idle=5, waiting=0)
2023-08-31 12:13:07 [DEBUG][com.zaxxer.hikari.pool.HikariPool][fillPool][518]-> HikariCPDatasource - Fill pool skipped, pool is at sufficient level.
2023-08-31 12:13:27 [DEBUG][org.springframework.web.servlet.DispatcherServlet][traceDebug][108]-> GET "/api/getAvatar/3523012094?0", parameters={masked}
2023-08-31 12:13:27 [DEBUG][org.springframework.web.servlet.mvc.method.annotation.RequestMappingHandlerMapping][getHandler][522]-> Mapped to com.easypan.controller.AccountController#getAvatar(HttpServletResponse, String)
2023-08-31 12:13:27 [DEBUG][org.springframework.web.servlet.DispatcherServlet][logResult][1131]-> Completed 200 OK
2023-08-31 12:13:27 [DEBUG][org.springframework.web.servlet.DispatcherServlet][traceDebug][108]-> POST "/api/getUseSpace", parameters={multipart}
2023-08-31 12:13:27 [DEBUG][org.springframework.web.servlet.DispatcherServlet][traceDebug][108]-> POST "/api/file/loadDataList", parameters={multipart}
2023-08-31 12:13:27 [DEBUG][org.springframework.web.servlet.mvc.method.annotation.RequestMappingHandlerMapping][getHandler][522]-> Mapped to com.easypan.controller.AccountController#getUseSpace(HttpSession)
2023-08-31 12:13:27 [DEBUG][org.springframework.data.redis.core.RedisConnectionUtils][doGetConnection][143]-> Fetching Redis Connection from RedisConnectionFactory
2023-08-31 12:13:27 [DEBUG][io.lettuce.core.RedisChannelHandler][dispatch][175]-> dispatching command AsyncCommand [type=GET, output=ValueOutput [output=null, error='null'], commandType=io.lettuce.core.protocol.Command]
2023-08-31 12:13:27 [DEBUG][io.lettuce.core.protocol.DefaultEndpoint][channelWriteAndFlush][430]-> [channel=0x81a37241, /127.0.0.1:65065 -> /127.0.0.1:6379, epid=0x1] write() writeAndFlush command AsyncCommand [type=GET, output=ValueOutput [output=null, error='null'], commandType=io.lettuce.core.protocol.Command]
2023-08-31 12:13:27 [DEBUG][org.springframework.web.servlet.mvc.method.annotation.RequestMappingHandlerMapping][getHandler][522]-> Mapped to com.easypan.controller.FileInfoController#loadDataList(HttpSession, FileInfoQuery, String)
2023-08-31 12:13:27 [DEBUG][io.lettuce.core.protocol.DefaultEndpoint][write][207]-> [channel=0x81a37241, /127.0.0.1:65065 -> /127.0.0.1:6379, epid=0x1] write() done
2023-08-31 12:13:27 [DEBUG][io.lettuce.core.protocol.CommandHandler][write][383]-> [channel=0x81a37241, /127.0.0.1:65065 -> /127.0.0.1:6379, epid=0x1, chid=0x1] write(ctx, AsyncCommand [type=GET, output=ValueOutput [output=null, error='null'], commandType=io.lettuce.core.protocol.Command], promise)
2023-08-31 12:13:27 [DEBUG][io.lettuce.core.protocol.CommandEncoder][encode][101]-> [channel=0x81a37241, /127.0.0.1:65065 -> /127.0.0.1:6379] writing command AsyncCommand [type=GET, output=ValueOutput [output=null, error='null'], commandType=io.lettuce.core.protocol.Command]
2023-08-31 12:13:27 [DEBUG][org.mybatis.spring.SqlSessionUtils][getSqlSession][97]-> Creating a new SqlSession
2023-08-31 12:13:27 [DEBUG][org.mybatis.spring.SqlSessionUtils][registerSessionHolder][148]-> SqlSession [org.apache.ibatis.session.defaults.DefaultSqlSession@4fd3b879] was not registered for synchronization because synchronization is not active
2023-08-31 12:13:27 [DEBUG][io.lettuce.core.protocol.CommandHandler][channelRead][577]-> [channel=0x81a37241, /127.0.0.1:65065 -> /127.0.0.1:6379, epid=0x1, chid=0x1] Received: 94 bytes, 1 commands in the stack
2023-08-31 12:13:27 [DEBUG][org.springframework.jdbc.datasource.DataSourceUtils][doGetConnection][116]-> Fetching JDBC Connection from DataSource
2023-08-31 12:13:27 [DEBUG][io.lettuce.core.protocol.CommandHandler][decode][651]-> [channel=0x81a37241, /127.0.0.1:65065 -> /127.0.0.1:6379, epid=0x1, chid=0x1] Stack contains: 1 commands
2023-08-31 12:13:27 [DEBUG][io.lettuce.core.protocol.RedisStateMachine][decode][298]-> Decode done, empty stack: true
2023-08-31 12:13:27 [DEBUG][io.lettuce.core.protocol.CommandHandler][decode][679]-> [channel=0x81a37241, /127.0.0.1:65065 -> /127.0.0.1:6379, epid=0x1, chid=0x1] Completing command AsyncCommand [type=GET, output=ValueOutput [output=[B@24d9ffe5, error='null'], commandType=io.lettuce.core.protocol.Command]
2023-08-31 12:13:27 [DEBUG][org.springframework.data.redis.core.RedisConnectionUtils][doCloseConnection][389]-> Closing Redis Connection.
2023-08-31 12:13:27 [DEBUG][org.mybatis.spring.transaction.SpringManagedTransaction][openConnection][87]-> JDBC Connection [HikariProxyConnection@715023816 wrapping com.mysql.cj.jdbc.ConnectionImpl@15da74c7] will not be managed by Spring
2023-08-31 12:13:27 [DEBUG][com.easypan.mappers.FileInfoMapper.selectCount][debug][159]-> ==>  Preparing: SELECT count(1) FROM file_info WHERE user_id = ? and file_pid = ? and del_flag = ? 
2023-08-31 12:13:27 [DEBUG][org.springframework.web.servlet.mvc.method.annotation.RequestResponseBodyMethodProcessor][writeWithMessageConverters][268]-> Using 'application/json', given [application/json, text/plain, */*] and supported [application/json, application/*+json, application/json, application/*+json]
2023-08-31 12:13:27 [DEBUG][com.easypan.mappers.FileInfoMapper.selectCount][debug][159]-> ==> Parameters: 3523012094(String), 0(String), 2(Integer)
2023-08-31 12:13:27 [DEBUG][org.springframework.web.servlet.mvc.method.annotation.RequestResponseBodyMethodProcessor][traceDebug][108]-> Writing [com.easypan.entity.vo.ResponseVO@190fb985]
2023-08-31 12:13:27 [DEBUG][org.springframework.web.servlet.DispatcherServlet][logResult][1131]-> Completed 200 OK
2023-08-31 12:13:27 [DEBUG][com.easypan.mappers.FileInfoMapper.selectCount][debug][159]-> <==      Total: 1
2023-08-31 12:13:27 [DEBUG][org.mybatis.spring.SqlSessionUtils][closeSqlSession][191]-> Closing non transactional SqlSession [org.apache.ibatis.session.defaults.DefaultSqlSession@4fd3b879]
2023-08-31 12:13:27 [DEBUG][org.mybatis.spring.SqlSessionUtils][getSqlSession][97]-> Creating a new SqlSession
2023-08-31 12:13:27 [DEBUG][org.mybatis.spring.SqlSessionUtils][registerSessionHolder][148]-> SqlSession [org.apache.ibatis.session.defaults.DefaultSqlSession@27a65b03] was not registered for synchronization because synchronization is not active
2023-08-31 12:13:27 [DEBUG][org.springframework.jdbc.datasource.DataSourceUtils][doGetConnection][116]-> Fetching JDBC Connection from DataSource
2023-08-31 12:13:27 [DEBUG][org.mybatis.spring.transaction.SpringManagedTransaction][openConnection][87]-> JDBC Connection [HikariProxyConnection@2119158298 wrapping com.mysql.cj.jdbc.ConnectionImpl@15da74c7] will not be managed by Spring
2023-08-31 12:13:27 [DEBUG][com.easypan.mappers.FileInfoMapper.selectList][debug][159]-> ==>  Preparing: SELECT file_id ,user_id,file_md5,file_pid,file_size, file_name,file_cover,file_path,create_time,last_update_time, folder_type,file_category,file_type,status,recovery_time, del_flag FROM file_info f WHERE user_id = ? and file_pid = ? and del_flag = ? order by last_update_time desc limit ?,? 
2023-08-31 12:13:27 [DEBUG][com.easypan.mappers.FileInfoMapper.selectList][debug][159]-> ==> Parameters: 3523012094(String), 0(String), 2(Integer), 0(Integer), 15(Integer)
2023-08-31 12:13:27 [DEBUG][com.easypan.mappers.FileInfoMapper.selectList][debug][159]-> <==      Total: 6
2023-08-31 12:13:27 [DEBUG][org.mybatis.spring.SqlSessionUtils][closeSqlSession][191]-> Closing non transactional SqlSession [org.apache.ibatis.session.defaults.DefaultSqlSession@27a65b03]
2023-08-31 12:13:27 [DEBUG][org.springframework.web.servlet.mvc.method.annotation.RequestResponseBodyMethodProcessor][writeWithMessageConverters][268]-> Using 'application/json', given [application/json, text/plain, */*] and supported [application/json, application/*+json, application/json, application/*+json]
2023-08-31 12:13:27 [DEBUG][org.springframework.web.servlet.mvc.method.annotation.RequestResponseBodyMethodProcessor][traceDebug][108]-> Writing [com.easypan.entity.vo.ResponseVO@3f757c44]
2023-08-31 12:13:27 [DEBUG][org.springframework.web.servlet.DispatcherServlet][logResult][1131]-> Completed 200 OK
2023-08-31 12:13:36 [DEBUG][org.mybatis.spring.SqlSessionUtils][getSqlSession][97]-> Creating a new SqlSession
2023-08-31 12:13:36 [DEBUG][org.mybatis.spring.SqlSessionUtils][registerSessionHolder][148]-> SqlSession [org.apache.ibatis.session.defaults.DefaultSqlSession@6844d1d4] was not registered for synchronization because synchronization is not active
2023-08-31 12:13:36 [DEBUG][org.springframework.jdbc.datasource.DataSourceUtils][doGetConnection][116]-> Fetching JDBC Connection from DataSource
2023-08-31 12:13:36 [DEBUG][org.mybatis.spring.transaction.SpringManagedTransaction][openConnection][87]-> JDBC Connection [HikariProxyConnection@1645142047 wrapping com.mysql.cj.jdbc.ConnectionImpl@15da74c7] will not be managed by Spring
2023-08-31 12:13:36 [DEBUG][com.easypan.mappers.FileInfoMapper.selectList][debug][159]-> ==>  Preparing: SELECT file_id ,user_id,file_md5,file_pid,file_size, file_name,file_cover,file_path,create_time,last_update_time, folder_type,file_category,file_type,status,recovery_time, del_flag FROM file_info f WHERE del_flag = ? and recovery_time< date_sub(now(),interval 10 day) 
2023-08-31 12:13:36 [DEBUG][com.easypan.mappers.FileInfoMapper.selectList][debug][159]-> ==> Parameters: 1(Integer)
2023-08-31 12:13:36 [DEBUG][com.easypan.mappers.FileInfoMapper.selectList][debug][159]-> <==      Total: 0
2023-08-31 12:13:36 [DEBUG][org.mybatis.spring.SqlSessionUtils][closeSqlSession][191]-> Closing non transactional SqlSession [org.apache.ibatis.session.defaults.DefaultSqlSession@6844d1d4]
2023-08-31 12:13:37 [DEBUG][com.zaxxer.hikari.pool.HikariPool][logPoolState][421]-> HikariCPDatasource - Before cleanup stats (total=6, active=1, idle=5, waiting=0)
2023-08-31 12:13:37 [DEBUG][com.zaxxer.hikari.pool.HikariPool][logPoolState][421]-> HikariCPDatasource - After cleanup  stats (total=6, active=1, idle=5, waiting=0)
2023-08-31 12:13:37 [DEBUG][com.zaxxer.hikari.pool.HikariPool][fillPool][518]-> HikariCPDatasource - Fill pool skipped, pool is at sufficient level.
2023-08-31 12:14:07 [DEBUG][com.zaxxer.hikari.pool.HikariPool][logPoolState][421]-> HikariCPDatasource - Before cleanup stats (total=6, active=1, idle=5, waiting=0)
2023-08-31 12:14:07 [DEBUG][com.zaxxer.hikari.pool.HikariPool][logPoolState][421]-> HikariCPDatasource - After cleanup  stats (total=6, active=1, idle=5, waiting=0)
2023-08-31 12:14:07 [DEBUG][com.zaxxer.hikari.pool.HikariPool][fillPool][518]-> HikariCPDatasource - Fill pool skipped, pool is at sufficient level.
2023-08-31 12:14:17 [DEBUG][org.springframework.web.servlet.DispatcherServlet][traceDebug][108]-> GET "/api/getAvatar/3523012094?0", parameters={masked}
2023-08-31 12:14:17 [DEBUG][org.springframework.web.servlet.mvc.method.annotation.RequestMappingHandlerMapping][getHandler][522]-> Mapped to com.easypan.controller.AccountController#getAvatar(HttpServletResponse, String)
2023-08-31 12:14:17 [DEBUG][org.springframework.web.servlet.DispatcherServlet][logResult][1131]-> Completed 200 OK
2023-08-31 12:14:17 [DEBUG][org.springframework.web.servlet.DispatcherServlet][traceDebug][108]-> POST "/api/getUseSpace", parameters={multipart}
2023-08-31 12:14:17 [DEBUG][org.springframework.web.servlet.mvc.method.annotation.RequestMappingHandlerMapping][getHandler][522]-> Mapped to com.easypan.controller.AccountController#getUseSpace(HttpSession)
2023-08-31 12:14:17 [DEBUG][org.springframework.data.redis.core.RedisConnectionUtils][doGetConnection][143]-> Fetching Redis Connection from RedisConnectionFactory
2023-08-31 12:14:17 [DEBUG][io.lettuce.core.RedisChannelHandler][dispatch][175]-> dispatching command AsyncCommand [type=GET, output=ValueOutput [output=null, error='null'], commandType=io.lettuce.core.protocol.Command]
2023-08-31 12:14:17 [DEBUG][io.lettuce.core.protocol.DefaultEndpoint][channelWriteAndFlush][430]-> [channel=0x81a37241, /127.0.0.1:65065 -> /127.0.0.1:6379, epid=0x1] write() writeAndFlush command AsyncCommand [type=GET, output=ValueOutput [output=null, error='null'], commandType=io.lettuce.core.protocol.Command]
2023-08-31 12:14:17 [DEBUG][io.lettuce.core.protocol.DefaultEndpoint][write][207]-> [channel=0x81a37241, /127.0.0.1:65065 -> /127.0.0.1:6379, epid=0x1] write() done
2023-08-31 12:14:17 [DEBUG][io.lettuce.core.protocol.CommandHandler][write][383]-> [channel=0x81a37241, /127.0.0.1:65065 -> /127.0.0.1:6379, epid=0x1, chid=0x1] write(ctx, AsyncCommand [type=GET, output=ValueOutput [output=null, error='null'], commandType=io.lettuce.core.protocol.Command], promise)
2023-08-31 12:14:17 [DEBUG][io.lettuce.core.protocol.CommandEncoder][encode][101]-> [channel=0x81a37241, /127.0.0.1:65065 -> /127.0.0.1:6379] writing command AsyncCommand [type=GET, output=ValueOutput [output=null, error='null'], commandType=io.lettuce.core.protocol.Command]
2023-08-31 12:14:17 [DEBUG][io.lettuce.core.protocol.CommandHandler][channelRead][577]-> [channel=0x81a37241, /127.0.0.1:65065 -> /127.0.0.1:6379, epid=0x1, chid=0x1] Received: 94 bytes, 1 commands in the stack
2023-08-31 12:14:17 [DEBUG][io.lettuce.core.protocol.CommandHandler][decode][651]-> [channel=0x81a37241, /127.0.0.1:65065 -> /127.0.0.1:6379, epid=0x1, chid=0x1] Stack contains: 1 commands
2023-08-31 12:14:17 [DEBUG][io.lettuce.core.protocol.RedisStateMachine][decode][298]-> Decode done, empty stack: true
2023-08-31 12:14:17 [DEBUG][io.lettuce.core.protocol.CommandHandler][decode][679]-> [channel=0x81a37241, /127.0.0.1:65065 -> /127.0.0.1:6379, epid=0x1, chid=0x1] Completing command AsyncCommand [type=GET, output=ValueOutput [output=[B@56b11e5d, error='null'], commandType=io.lettuce.core.protocol.Command]
2023-08-31 12:14:17 [DEBUG][org.springframework.data.redis.core.RedisConnectionUtils][doCloseConnection][389]-> Closing Redis Connection.
2023-08-31 12:14:17 [DEBUG][org.springframework.web.servlet.DispatcherServlet][traceDebug][108]-> POST "/api/file/loadDataList", parameters={multipart}
2023-08-31 12:14:17 [DEBUG][org.springframework.web.servlet.mvc.method.annotation.RequestResponseBodyMethodProcessor][writeWithMessageConverters][268]-> Using 'application/json', given [application/json, text/plain, */*] and supported [application/json, application/*+json, application/json, application/*+json]
2023-08-31 12:14:17 [DEBUG][org.springframework.web.servlet.mvc.method.annotation.RequestResponseBodyMethodProcessor][traceDebug][108]-> Writing [com.easypan.entity.vo.ResponseVO@2ae011c4]
2023-08-31 12:14:17 [DEBUG][org.springframework.web.servlet.DispatcherServlet][logResult][1131]-> Completed 200 OK
2023-08-31 12:14:17 [DEBUG][org.springframework.web.servlet.mvc.method.annotation.RequestMappingHandlerMapping][getHandler][522]-> Mapped to com.easypan.controller.FileInfoController#loadDataList(HttpSession, FileInfoQuery, String)
2023-08-31 12:14:17 [DEBUG][org.mybatis.spring.SqlSessionUtils][getSqlSession][97]-> Creating a new SqlSession
2023-08-31 12:14:17 [DEBUG][org.mybatis.spring.SqlSessionUtils][registerSessionHolder][148]-> SqlSession [org.apache.ibatis.session.defaults.DefaultSqlSession@73f0d995] was not registered for synchronization because synchronization is not active
2023-08-31 12:14:17 [DEBUG][org.springframework.jdbc.datasource.DataSourceUtils][doGetConnection][116]-> Fetching JDBC Connection from DataSource
2023-08-31 12:14:17 [DEBUG][org.mybatis.spring.transaction.SpringManagedTransaction][openConnection][87]-> JDBC Connection [HikariProxyConnection@971570492 wrapping com.mysql.cj.jdbc.ConnectionImpl@15da74c7] will not be managed by Spring
2023-08-31 12:14:17 [DEBUG][com.easypan.mappers.FileInfoMapper.selectCount][debug][159]-> ==>  Preparing: SELECT count(1) FROM file_info WHERE user_id = ? and file_pid = ? and del_flag = ? 
2023-08-31 12:14:17 [DEBUG][com.easypan.mappers.FileInfoMapper.selectCount][debug][159]-> ==> Parameters: 3523012094(String), 0(String), 2(Integer)
2023-08-31 12:14:17 [DEBUG][com.easypan.mappers.FileInfoMapper.selectCount][debug][159]-> <==      Total: 1
2023-08-31 12:14:17 [DEBUG][org.mybatis.spring.SqlSessionUtils][closeSqlSession][191]-> Closing non transactional SqlSession [org.apache.ibatis.session.defaults.DefaultSqlSession@73f0d995]
2023-08-31 12:14:17 [DEBUG][org.mybatis.spring.SqlSessionUtils][getSqlSession][97]-> Creating a new SqlSession
2023-08-31 12:14:17 [DEBUG][org.mybatis.spring.SqlSessionUtils][registerSessionHolder][148]-> SqlSession [org.apache.ibatis.session.defaults.DefaultSqlSession@21151894] was not registered for synchronization because synchronization is not active
2023-08-31 12:14:17 [DEBUG][org.springframework.jdbc.datasource.DataSourceUtils][doGetConnection][116]-> Fetching JDBC Connection from DataSource
2023-08-31 12:14:17 [DEBUG][org.mybatis.spring.transaction.SpringManagedTransaction][openConnection][87]-> JDBC Connection [HikariProxyConnection@882943402 wrapping com.mysql.cj.jdbc.ConnectionImpl@15da74c7] will not be managed by Spring
2023-08-31 12:14:17 [DEBUG][com.easypan.mappers.FileInfoMapper.selectList][debug][159]-> ==>  Preparing: SELECT file_id ,user_id,file_md5,file_pid,file_size, file_name,file_cover,file_path,create_time,last_update_time, folder_type,file_category,file_type,status,recovery_time, del_flag FROM file_info f WHERE user_id = ? and file_pid = ? and del_flag = ? order by last_update_time desc limit ?,? 
2023-08-31 12:14:17 [DEBUG][com.easypan.mappers.FileInfoMapper.selectList][debug][159]-> ==> Parameters: 3523012094(String), 0(String), 2(Integer), 0(Integer), 15(Integer)
2023-08-31 12:14:17 [DEBUG][com.easypan.mappers.FileInfoMapper.selectList][debug][159]-> <==      Total: 6
2023-08-31 12:14:17 [DEBUG][org.mybatis.spring.SqlSessionUtils][closeSqlSession][191]-> Closing non transactional SqlSession [org.apache.ibatis.session.defaults.DefaultSqlSession@21151894]
2023-08-31 12:14:17 [DEBUG][org.springframework.web.servlet.mvc.method.annotation.RequestResponseBodyMethodProcessor][writeWithMessageConverters][268]-> Using 'application/json', given [application/json, text/plain, */*] and supported [application/json, application/*+json, application/json, application/*+json]
2023-08-31 12:14:17 [DEBUG][org.springframework.web.servlet.mvc.method.annotation.RequestResponseBodyMethodProcessor][traceDebug][108]-> Writing [com.easypan.entity.vo.ResponseVO@7cca12a8]
2023-08-31 12:14:17 [DEBUG][org.springframework.web.servlet.DispatcherServlet][logResult][1131]-> Completed 200 OK
2023-08-31 12:14:28 [DEBUG][org.springframework.web.servlet.DispatcherServlet][traceDebug][108]-> GET "/api/getAvatar/3523012094?0", parameters={masked}
2023-08-31 12:14:28 [DEBUG][org.springframework.web.servlet.mvc.method.annotation.RequestMappingHandlerMapping][getHandler][522]-> Mapped to com.easypan.controller.AccountController#getAvatar(HttpServletResponse, String)
2023-08-31 12:14:28 [DEBUG][org.springframework.web.servlet.DispatcherServlet][logResult][1131]-> Completed 200 OK
2023-08-31 12:14:28 [DEBUG][org.springframework.web.servlet.DispatcherServlet][traceDebug][108]-> POST "/api/getUseSpace", parameters={multipart}
2023-08-31 12:14:28 [DEBUG][org.springframework.web.servlet.mvc.method.annotation.RequestMappingHandlerMapping][getHandler][522]-> Mapped to com.easypan.controller.AccountController#getUseSpace(HttpSession)
2023-08-31 12:14:28 [DEBUG][org.springframework.data.redis.core.RedisConnectionUtils][doGetConnection][143]-> Fetching Redis Connection from RedisConnectionFactory
2023-08-31 12:14:28 [DEBUG][io.lettuce.core.RedisChannelHandler][dispatch][175]-> dispatching command AsyncCommand [type=GET, output=ValueOutput [output=null, error='null'], commandType=io.lettuce.core.protocol.Command]
2023-08-31 12:14:28 [DEBUG][io.lettuce.core.protocol.DefaultEndpoint][channelWriteAndFlush][430]-> [channel=0x81a37241, /127.0.0.1:65065 -> /127.0.0.1:6379, epid=0x1] write() writeAndFlush command AsyncCommand [type=GET, output=ValueOutput [output=null, error='null'], commandType=io.lettuce.core.protocol.Command]
2023-08-31 12:14:28 [DEBUG][org.springframework.web.servlet.DispatcherServlet][traceDebug][108]-> POST "/api/file/loadDataList", parameters={multipart}
2023-08-31 12:14:28 [DEBUG][io.lettuce.core.protocol.DefaultEndpoint][write][207]-> [channel=0x81a37241, /127.0.0.1:65065 -> /127.0.0.1:6379, epid=0x1] write() done
2023-08-31 12:14:28 [DEBUG][io.lettuce.core.protocol.CommandHandler][write][383]-> [channel=0x81a37241, /127.0.0.1:65065 -> /127.0.0.1:6379, epid=0x1, chid=0x1] write(ctx, AsyncCommand [type=GET, output=ValueOutput [output=null, error='null'], commandType=io.lettuce.core.protocol.Command], promise)
2023-08-31 12:14:28 [DEBUG][io.lettuce.core.protocol.CommandEncoder][encode][101]-> [channel=0x81a37241, /127.0.0.1:65065 -> /127.0.0.1:6379] writing command AsyncCommand [type=GET, output=ValueOutput [output=null, error='null'], commandType=io.lettuce.core.protocol.Command]
2023-08-31 12:14:28 [DEBUG][io.lettuce.core.protocol.CommandHandler][channelRead][577]-> [channel=0x81a37241, /127.0.0.1:65065 -> /127.0.0.1:6379, epid=0x1, chid=0x1] Received: 94 bytes, 1 commands in the stack
2023-08-31 12:14:28 [DEBUG][io.lettuce.core.protocol.CommandHandler][decode][651]-> [channel=0x81a37241, /127.0.0.1:65065 -> /127.0.0.1:6379, epid=0x1, chid=0x1] Stack contains: 1 commands
2023-08-31 12:14:28 [DEBUG][io.lettuce.core.protocol.RedisStateMachine][decode][298]-> Decode done, empty stack: true
2023-08-31 12:14:28 [DEBUG][io.lettuce.core.protocol.CommandHandler][decode][679]-> [channel=0x81a37241, /127.0.0.1:65065 -> /127.0.0.1:6379, epid=0x1, chid=0x1] Completing command AsyncCommand [type=GET, output=ValueOutput [output=[B@3d7ce5b9, error='null'], commandType=io.lettuce.core.protocol.Command]
2023-08-31 12:14:28 [DEBUG][org.springframework.data.redis.core.RedisConnectionUtils][doCloseConnection][389]-> Closing Redis Connection.
2023-08-31 12:14:28 [DEBUG][org.springframework.web.servlet.mvc.method.annotation.RequestMappingHandlerMapping][getHandler][522]-> Mapped to com.easypan.controller.FileInfoController#loadDataList(HttpSession, FileInfoQuery, String)
2023-08-31 12:14:28 [DEBUG][org.springframework.web.servlet.mvc.method.annotation.RequestResponseBodyMethodProcessor][writeWithMessageConverters][268]-> Using 'application/json', given [application/json, text/plain, */*] and supported [application/json, application/*+json, application/json, application/*+json]
2023-08-31 12:14:28 [DEBUG][org.springframework.web.servlet.mvc.method.annotation.RequestResponseBodyMethodProcessor][traceDebug][108]-> Writing [com.easypan.entity.vo.ResponseVO@5e5a7d9c]
2023-08-31 12:14:28 [DEBUG][org.springframework.web.servlet.DispatcherServlet][logResult][1131]-> Completed 200 OK
2023-08-31 12:14:28 [DEBUG][org.mybatis.spring.SqlSessionUtils][getSqlSession][97]-> Creating a new SqlSession
2023-08-31 12:14:28 [DEBUG][org.mybatis.spring.SqlSessionUtils][registerSessionHolder][148]-> SqlSession [org.apache.ibatis.session.defaults.DefaultSqlSession@1c1071b5] was not registered for synchronization because synchronization is not active
2023-08-31 12:14:28 [DEBUG][org.springframework.jdbc.datasource.DataSourceUtils][doGetConnection][116]-> Fetching JDBC Connection from DataSource
2023-08-31 12:14:28 [DEBUG][org.mybatis.spring.transaction.SpringManagedTransaction][openConnection][87]-> JDBC Connection [HikariProxyConnection@374911533 wrapping com.mysql.cj.jdbc.ConnectionImpl@15da74c7] will not be managed by Spring
2023-08-31 12:14:28 [DEBUG][com.easypan.mappers.FileInfoMapper.selectCount][debug][159]-> ==>  Preparing: SELECT count(1) FROM file_info WHERE user_id = ? and file_pid = ? and del_flag = ? 
2023-08-31 12:14:28 [DEBUG][com.easypan.mappers.FileInfoMapper.selectCount][debug][159]-> ==> Parameters: 3523012094(String), 0(String), 2(Integer)
2023-08-31 12:14:28 [DEBUG][com.easypan.mappers.FileInfoMapper.selectCount][debug][159]-> <==      Total: 1
2023-08-31 12:14:28 [DEBUG][org.mybatis.spring.SqlSessionUtils][closeSqlSession][191]-> Closing non transactional SqlSession [org.apache.ibatis.session.defaults.DefaultSqlSession@1c1071b5]
2023-08-31 12:14:28 [DEBUG][org.mybatis.spring.SqlSessionUtils][getSqlSession][97]-> Creating a new SqlSession
2023-08-31 12:14:28 [DEBUG][org.mybatis.spring.SqlSessionUtils][registerSessionHolder][148]-> SqlSession [org.apache.ibatis.session.defaults.DefaultSqlSession@6115d8fa] was not registered for synchronization because synchronization is not active
2023-08-31 12:14:28 [DEBUG][org.springframework.jdbc.datasource.DataSourceUtils][doGetConnection][116]-> Fetching JDBC Connection from DataSource
2023-08-31 12:14:28 [DEBUG][org.mybatis.spring.transaction.SpringManagedTransaction][openConnection][87]-> JDBC Connection [HikariProxyConnection@1290270482 wrapping com.mysql.cj.jdbc.ConnectionImpl@15da74c7] will not be managed by Spring
2023-08-31 12:14:28 [DEBUG][com.easypan.mappers.FileInfoMapper.selectList][debug][159]-> ==>  Preparing: SELECT file_id ,user_id,file_md5,file_pid,file_size, file_name,file_cover,file_path,create_time,last_update_time, folder_type,file_category,file_type,status,recovery_time, del_flag FROM file_info f WHERE user_id = ? and file_pid = ? and del_flag = ? order by last_update_time desc limit ?,? 
2023-08-31 12:14:28 [DEBUG][com.easypan.mappers.FileInfoMapper.selectList][debug][159]-> ==> Parameters: 3523012094(String), 0(String), 2(Integer), 0(Integer), 15(Integer)
2023-08-31 12:14:28 [DEBUG][com.easypan.mappers.FileInfoMapper.selectList][debug][159]-> <==      Total: 6
2023-08-31 12:14:28 [DEBUG][org.mybatis.spring.SqlSessionUtils][closeSqlSession][191]-> Closing non transactional SqlSession [org.apache.ibatis.session.defaults.DefaultSqlSession@6115d8fa]
2023-08-31 12:14:28 [DEBUG][org.springframework.web.servlet.mvc.method.annotation.RequestResponseBodyMethodProcessor][writeWithMessageConverters][268]-> Using 'application/json', given [application/json, text/plain, */*] and supported [application/json, application/*+json, application/json, application/*+json]
2023-08-31 12:14:28 [DEBUG][org.springframework.web.servlet.mvc.method.annotation.RequestResponseBodyMethodProcessor][traceDebug][108]-> Writing [com.easypan.entity.vo.ResponseVO@122f11b5]
2023-08-31 12:14:28 [DEBUG][org.springframework.web.servlet.DispatcherServlet][logResult][1131]-> Completed 200 OK
2023-08-31 12:14:37 [DEBUG][com.zaxxer.hikari.pool.HikariPool][logPoolState][421]-> HikariCPDatasource - Before cleanup stats (total=6, active=1, idle=5, waiting=0)
2023-08-31 12:14:37 [DEBUG][com.zaxxer.hikari.pool.HikariPool][logPoolState][421]-> HikariCPDatasource - After cleanup  stats (total=6, active=1, idle=5, waiting=0)
2023-08-31 12:14:37 [DEBUG][com.zaxxer.hikari.pool.HikariPool][fillPool][518]-> HikariCPDatasource - Fill pool skipped, pool is at sufficient level.
2023-08-31 12:15:07 [DEBUG][com.zaxxer.hikari.pool.HikariPool][logPoolState][421]-> HikariCPDatasource - Before cleanup stats (total=6, active=1, idle=5, waiting=0)
2023-08-31 12:15:07 [DEBUG][com.zaxxer.hikari.pool.HikariPool][logPoolState][421]-> HikariCPDatasource - After cleanup  stats (total=6, active=1, idle=5, waiting=0)
2023-08-31 12:15:07 [DEBUG][com.zaxxer.hikari.pool.HikariPool][fillPool][518]-> HikariCPDatasource - Fill pool skipped, pool is at sufficient level.
2023-08-31 12:15:37 [DEBUG][com.zaxxer.hikari.pool.HikariPool][logPoolState][421]-> HikariCPDatasource - Before cleanup stats (total=6, active=1, idle=5, waiting=0)
2023-08-31 12:15:37 [DEBUG][com.zaxxer.hikari.pool.HikariPool][logPoolState][421]-> HikariCPDatasource - After cleanup  stats (total=6, active=1, idle=5, waiting=0)
2023-08-31 12:15:37 [DEBUG][com.zaxxer.hikari.pool.HikariPool][fillPool][518]-> HikariCPDatasource - Fill pool skipped, pool is at sufficient level.
2023-08-31 12:16:07 [DEBUG][com.zaxxer.hikari.pool.HikariPool][logPoolState][421]-> HikariCPDatasource - Before cleanup stats (total=6, active=1, idle=5, waiting=0)
2023-08-31 12:16:07 [DEBUG][com.zaxxer.hikari.pool.HikariPool][logPoolState][421]-> HikariCPDatasource - After cleanup  stats (total=6, active=1, idle=5, waiting=0)
2023-08-31 12:16:07 [DEBUG][com.zaxxer.hikari.pool.HikariPool][fillPool][518]-> HikariCPDatasource - Fill pool skipped, pool is at sufficient level.
2023-08-31 12:16:11 [DEBUG][org.springframework.web.servlet.DispatcherServlet][traceDebug][108]-> GET "/api/getAvatar/3523012094?0", parameters={masked}
2023-08-31 12:16:11 [DEBUG][org.springframework.web.servlet.mvc.method.annotation.RequestMappingHandlerMapping][getHandler][522]-> Mapped to com.easypan.controller.AccountController#getAvatar(HttpServletResponse, String)
2023-08-31 12:16:11 [DEBUG][org.springframework.web.servlet.DispatcherServlet][logResult][1131]-> Completed 200 OK
2023-08-31 12:16:11 [DEBUG][org.springframework.web.servlet.DispatcherServlet][traceDebug][108]-> POST "/api/getUseSpace", parameters={multipart}
2023-08-31 12:16:11 [DEBUG][org.springframework.web.servlet.DispatcherServlet][traceDebug][108]-> POST "/api/file/loadDataList", parameters={multipart}
2023-08-31 12:16:11 [DEBUG][org.springframework.web.servlet.mvc.method.annotation.RequestMappingHandlerMapping][getHandler][522]-> Mapped to com.easypan.controller.AccountController#getUseSpace(HttpSession)
2023-08-31 12:16:11 [DEBUG][org.springframework.data.redis.core.RedisConnectionUtils][doGetConnection][143]-> Fetching Redis Connection from RedisConnectionFactory
2023-08-31 12:16:11 [DEBUG][io.lettuce.core.RedisChannelHandler][dispatch][175]-> dispatching command AsyncCommand [type=GET, output=ValueOutput [output=null, error='null'], commandType=io.lettuce.core.protocol.Command]
2023-08-31 12:16:11 [DEBUG][io.lettuce.core.protocol.DefaultEndpoint][channelWriteAndFlush][430]-> [channel=0x81a37241, /127.0.0.1:65065 -> /127.0.0.1:6379, epid=0x1] write() writeAndFlush command AsyncCommand [type=GET, output=ValueOutput [output=null, error='null'], commandType=io.lettuce.core.protocol.Command]
2023-08-31 12:16:11 [DEBUG][io.lettuce.core.protocol.DefaultEndpoint][write][207]-> [channel=0x81a37241, /127.0.0.1:65065 -> /127.0.0.1:6379, epid=0x1] write() done
2023-08-31 12:16:11 [DEBUG][io.lettuce.core.protocol.CommandHandler][write][383]-> [channel=0x81a37241, /127.0.0.1:65065 -> /127.0.0.1:6379, epid=0x1, chid=0x1] write(ctx, AsyncCommand [type=GET, output=ValueOutput [output=null, error='null'], commandType=io.lettuce.core.protocol.Command], promise)
2023-08-31 12:16:11 [DEBUG][org.springframework.web.servlet.mvc.method.annotation.RequestMappingHandlerMapping][getHandler][522]-> Mapped to com.easypan.controller.FileInfoController#loadDataList(HttpSession, FileInfoQuery, String)
2023-08-31 12:16:11 [DEBUG][io.lettuce.core.protocol.CommandEncoder][encode][101]-> [channel=0x81a37241, /127.0.0.1:65065 -> /127.0.0.1:6379] writing command AsyncCommand [type=GET, output=ValueOutput [output=null, error='null'], commandType=io.lettuce.core.protocol.Command]
2023-08-31 12:16:11 [DEBUG][io.lettuce.core.protocol.CommandHandler][channelRead][577]-> [channel=0x81a37241, /127.0.0.1:65065 -> /127.0.0.1:6379, epid=0x1, chid=0x1] Received: 94 bytes, 1 commands in the stack
2023-08-31 12:16:11 [DEBUG][io.lettuce.core.protocol.CommandHandler][decode][651]-> [channel=0x81a37241, /127.0.0.1:65065 -> /127.0.0.1:6379, epid=0x1, chid=0x1] Stack contains: 1 commands
2023-08-31 12:16:11 [DEBUG][io.lettuce.core.protocol.RedisStateMachine][decode][298]-> Decode done, empty stack: true
2023-08-31 12:16:11 [DEBUG][io.lettuce.core.protocol.CommandHandler][decode][679]-> [channel=0x81a37241, /127.0.0.1:65065 -> /127.0.0.1:6379, epid=0x1, chid=0x1] Completing command AsyncCommand [type=GET, output=ValueOutput [output=[B@777b418f, error='null'], commandType=io.lettuce.core.protocol.Command]
2023-08-31 12:16:11 [DEBUG][org.mybatis.spring.SqlSessionUtils][getSqlSession][97]-> Creating a new SqlSession
2023-08-31 12:16:11 [DEBUG][org.mybatis.spring.SqlSessionUtils][registerSessionHolder][148]-> SqlSession [org.apache.ibatis.session.defaults.DefaultSqlSession@2955f50f] was not registered for synchronization because synchronization is not active
2023-08-31 12:16:11 [DEBUG][org.springframework.data.redis.core.RedisConnectionUtils][doCloseConnection][389]-> Closing Redis Connection.
2023-08-31 12:16:11 [DEBUG][org.springframework.web.servlet.mvc.method.annotation.RequestResponseBodyMethodProcessor][writeWithMessageConverters][268]-> Using 'application/json', given [application/json, text/plain, */*] and supported [application/json, application/*+json, application/json, application/*+json]
2023-08-31 12:16:11 [DEBUG][org.springframework.jdbc.datasource.DataSourceUtils][doGetConnection][116]-> Fetching JDBC Connection from DataSource
2023-08-31 12:16:11 [DEBUG][org.springframework.web.servlet.mvc.method.annotation.RequestResponseBodyMethodProcessor][traceDebug][108]-> Writing [com.easypan.entity.vo.ResponseVO@4a164ffd]
2023-08-31 12:16:11 [DEBUG][org.springframework.web.servlet.DispatcherServlet][logResult][1131]-> Completed 200 OK
2023-08-31 12:16:11 [DEBUG][org.mybatis.spring.transaction.SpringManagedTransaction][openConnection][87]-> JDBC Connection [HikariProxyConnection@195359219 wrapping com.mysql.cj.jdbc.ConnectionImpl@15da74c7] will not be managed by Spring
2023-08-31 12:16:11 [DEBUG][com.easypan.mappers.FileInfoMapper.selectCount][debug][159]-> ==>  Preparing: SELECT count(1) FROM file_info WHERE user_id = ? and file_pid = ? and del_flag = ? 
2023-08-31 12:16:11 [DEBUG][com.easypan.mappers.FileInfoMapper.selectCount][debug][159]-> ==> Parameters: 3523012094(String), 0(String), 2(Integer)
2023-08-31 12:16:11 [DEBUG][com.easypan.mappers.FileInfoMapper.selectCount][debug][159]-> <==      Total: 1
2023-08-31 12:16:11 [DEBUG][org.mybatis.spring.SqlSessionUtils][closeSqlSession][191]-> Closing non transactional SqlSession [org.apache.ibatis.session.defaults.DefaultSqlSession@2955f50f]
2023-08-31 12:16:11 [DEBUG][org.mybatis.spring.SqlSessionUtils][getSqlSession][97]-> Creating a new SqlSession
2023-08-31 12:16:11 [DEBUG][org.mybatis.spring.SqlSessionUtils][registerSessionHolder][148]-> SqlSession [org.apache.ibatis.session.defaults.DefaultSqlSession@6978cfe1] was not registered for synchronization because synchronization is not active
2023-08-31 12:16:11 [DEBUG][org.springframework.jdbc.datasource.DataSourceUtils][doGetConnection][116]-> Fetching JDBC Connection from DataSource
2023-08-31 12:16:11 [DEBUG][org.mybatis.spring.transaction.SpringManagedTransaction][openConnection][87]-> JDBC Connection [HikariProxyConnection@583766509 wrapping com.mysql.cj.jdbc.ConnectionImpl@15da74c7] will not be managed by Spring
2023-08-31 12:16:11 [DEBUG][com.easypan.mappers.FileInfoMapper.selectList][debug][159]-> ==>  Preparing: SELECT file_id ,user_id,file_md5,file_pid,file_size, file_name,file_cover,file_path,create_time,last_update_time, folder_type,file_category,file_type,status,recovery_time, del_flag FROM file_info f WHERE user_id = ? and file_pid = ? and del_flag = ? order by last_update_time desc limit ?,? 
2023-08-31 12:16:11 [DEBUG][com.easypan.mappers.FileInfoMapper.selectList][debug][159]-> ==> Parameters: 3523012094(String), 0(String), 2(Integer), 0(Integer), 15(Integer)
2023-08-31 12:16:11 [DEBUG][com.easypan.mappers.FileInfoMapper.selectList][debug][159]-> <==      Total: 6
2023-08-31 12:16:11 [DEBUG][org.mybatis.spring.SqlSessionUtils][closeSqlSession][191]-> Closing non transactional SqlSession [org.apache.ibatis.session.defaults.DefaultSqlSession@6978cfe1]
2023-08-31 12:16:11 [DEBUG][org.springframework.web.servlet.mvc.method.annotation.RequestResponseBodyMethodProcessor][writeWithMessageConverters][268]-> Using 'application/json', given [application/json, text/plain, */*] and supported [application/json, application/*+json, application/json, application/*+json]
2023-08-31 12:16:11 [DEBUG][org.springframework.web.servlet.mvc.method.annotation.RequestResponseBodyMethodProcessor][traceDebug][108]-> Writing [com.easypan.entity.vo.ResponseVO@7c29fb5e]
2023-08-31 12:16:11 [DEBUG][org.springframework.web.servlet.DispatcherServlet][logResult][1131]-> Completed 200 OK
2023-08-31 12:16:16 [DEBUG][org.springframework.web.servlet.DispatcherServlet][traceDebug][108]-> GET "/api/getAvatar/3523012094", parameters={}
2023-08-31 12:16:16 [DEBUG][org.springframework.web.servlet.mvc.method.annotation.RequestMappingHandlerMapping][getHandler][522]-> Mapped to com.easypan.controller.AccountController#getAvatar(HttpServletResponse, String)
2023-08-31 12:16:16 [DEBUG][org.springframework.web.servlet.DispatcherServlet][logResult][1131]-> Completed 200 OK
2023-08-31 12:16:20 [DEBUG][org.springframework.web.servlet.DispatcherServlet][traceDebug][108]-> POST "/api/logout", parameters={multipart}
2023-08-31 12:16:20 [DEBUG][org.springframework.web.servlet.mvc.method.annotation.RequestMappingHandlerMapping][getHandler][522]-> Mapped to com.easypan.controller.AccountController#logout(HttpSession)
2023-08-31 12:16:20 [DEBUG][org.springframework.web.servlet.mvc.method.annotation.RequestResponseBodyMethodProcessor][writeWithMessageConverters][268]-> Using 'application/json', given [application/json, text/plain, */*] and supported [application/json, application/*+json, application/json, application/*+json]
2023-08-31 12:16:20 [DEBUG][org.springframework.web.servlet.mvc.method.annotation.RequestResponseBodyMethodProcessor][traceDebug][108]-> Writing [com.easypan.entity.vo.ResponseVO@4f348085]
2023-08-31 12:16:20 [DEBUG][org.springframework.web.servlet.DispatcherServlet][logResult][1131]-> Completed 200 OK
2023-08-31 12:16:20 [DEBUG][org.springframework.web.servlet.DispatcherServlet][traceDebug][108]-> GET "/api/checkCode?type=0&time=1693455380630", parameters={masked}
2023-08-31 12:16:20 [DEBUG][org.springframework.web.servlet.mvc.method.annotation.RequestMappingHandlerMapping][getHandler][522]-> Mapped to com.easypan.controller.AccountController#checkCode(HttpServletResponse, HttpSession, Integer)
2023-08-31 12:16:20 [DEBUG][org.springframework.web.servlet.DispatcherServlet][logResult][1131]-> Completed 200 OK
2023-08-31 12:16:36 [DEBUG][org.mybatis.spring.SqlSessionUtils][getSqlSession][97]-> Creating a new SqlSession
2023-08-31 12:16:36 [DEBUG][org.mybatis.spring.SqlSessionUtils][registerSessionHolder][148]-> SqlSession [org.apache.ibatis.session.defaults.DefaultSqlSession@13b88dd5] was not registered for synchronization because synchronization is not active
2023-08-31 12:16:36 [DEBUG][org.springframework.jdbc.datasource.DataSourceUtils][doGetConnection][116]-> Fetching JDBC Connection from DataSource
2023-08-31 12:16:36 [DEBUG][org.mybatis.spring.transaction.SpringManagedTransaction][openConnection][87]-> JDBC Connection [HikariProxyConnection@801132880 wrapping com.mysql.cj.jdbc.ConnectionImpl@15da74c7] will not be managed by Spring
2023-08-31 12:16:36 [DEBUG][com.easypan.mappers.FileInfoMapper.selectList][debug][159]-> ==>  Preparing: SELECT file_id ,user_id,file_md5,file_pid,file_size, file_name,file_cover,file_path,create_time,last_update_time, folder_type,file_category,file_type,status,recovery_time, del_flag FROM file_info f WHERE del_flag = ? and recovery_time< date_sub(now(),interval 10 day) 
2023-08-31 12:16:36 [DEBUG][com.easypan.mappers.FileInfoMapper.selectList][debug][159]-> ==> Parameters: 1(Integer)
2023-08-31 12:16:36 [DEBUG][com.easypan.mappers.FileInfoMapper.selectList][debug][159]-> <==      Total: 0
2023-08-31 12:16:36 [DEBUG][org.mybatis.spring.SqlSessionUtils][closeSqlSession][191]-> Closing non transactional SqlSession [org.apache.ibatis.session.defaults.DefaultSqlSession@13b88dd5]
2023-08-31 12:16:37 [DEBUG][com.zaxxer.hikari.pool.HikariPool][logPoolState][421]-> HikariCPDatasource - Before cleanup stats (total=6, active=1, idle=5, waiting=0)
2023-08-31 12:16:37 [DEBUG][com.zaxxer.hikari.pool.HikariPool][logPoolState][421]-> HikariCPDatasource - After cleanup  stats (total=6, active=1, idle=5, waiting=0)
2023-08-31 12:16:37 [DEBUG][com.zaxxer.hikari.pool.HikariPool][fillPool][518]-> HikariCPDatasource - Fill pool skipped, pool is at sufficient level.
2023-08-31 12:17:07 [DEBUG][com.zaxxer.hikari.pool.HikariPool][logPoolState][421]-> HikariCPDatasource - Before cleanup stats (total=6, active=1, idle=5, waiting=0)
2023-08-31 12:17:07 [DEBUG][com.zaxxer.hikari.pool.HikariPool][logPoolState][421]-> HikariCPDatasource - After cleanup  stats (total=6, active=1, idle=5, waiting=0)
2023-08-31 12:17:07 [DEBUG][com.zaxxer.hikari.pool.HikariPool][fillPool][518]-> HikariCPDatasource - Fill pool skipped, pool is at sufficient level.
2023-08-31 12:17:37 [DEBUG][com.zaxxer.hikari.pool.HikariPool][logPoolState][421]-> HikariCPDatasource - Before cleanup stats (total=6, active=1, idle=5, waiting=0)
2023-08-31 12:17:37 [DEBUG][com.zaxxer.hikari.pool.HikariPool][logPoolState][421]-> HikariCPDatasource - After cleanup  stats (total=6, active=1, idle=5, waiting=0)
2023-08-31 12:17:37 [DEBUG][com.zaxxer.hikari.pool.HikariPool][fillPool][518]-> HikariCPDatasource - Fill pool skipped, pool is at sufficient level.
2023-08-31 12:18:07 [DEBUG][com.zaxxer.hikari.pool.HikariPool][logPoolState][421]-> HikariCPDatasource - Before cleanup stats (total=6, active=1, idle=5, waiting=0)
2023-08-31 12:18:07 [DEBUG][com.zaxxer.hikari.pool.HikariPool][logPoolState][421]-> HikariCPDatasource - After cleanup  stats (total=6, active=1, idle=5, waiting=0)
2023-08-31 12:18:07 [DEBUG][com.zaxxer.hikari.pool.HikariPool][fillPool][518]-> HikariCPDatasource - Fill pool skipped, pool is at sufficient level.
2023-08-31 12:18:37 [DEBUG][com.zaxxer.hikari.pool.HikariPool][logPoolState][421]-> HikariCPDatasource - Before cleanup stats (total=6, active=1, idle=5, waiting=0)
2023-08-31 12:18:37 [DEBUG][com.zaxxer.hikari.pool.HikariPool][logPoolState][421]-> HikariCPDatasource - After cleanup  stats (total=6, active=1, idle=5, waiting=0)
2023-08-31 12:18:37 [DEBUG][com.zaxxer.hikari.pool.HikariPool][fillPool][518]-> HikariCPDatasource - Fill pool skipped, pool is at sufficient level.
2023-08-31 12:19:07 [DEBUG][com.zaxxer.hikari.pool.HikariPool][logPoolState][421]-> HikariCPDatasource - Before cleanup stats (total=6, active=1, idle=5, waiting=0)
2023-08-31 12:19:07 [DEBUG][com.zaxxer.hikari.pool.HikariPool][logPoolState][421]-> HikariCPDatasource - After cleanup  stats (total=6, active=1, idle=5, waiting=0)
2023-08-31 12:19:07 [DEBUG][com.zaxxer.hikari.pool.HikariPool][fillPool][518]-> HikariCPDatasource - Fill pool skipped, pool is at sufficient level.
2023-08-31 12:19:36 [DEBUG][org.mybatis.spring.SqlSessionUtils][getSqlSession][97]-> Creating a new SqlSession
2023-08-31 12:19:36 [DEBUG][org.mybatis.spring.SqlSessionUtils][registerSessionHolder][148]-> SqlSession [org.apache.ibatis.session.defaults.DefaultSqlSession@44afe27f] was not registered for synchronization because synchronization is not active
2023-08-31 12:19:36 [DEBUG][org.springframework.jdbc.datasource.DataSourceUtils][doGetConnection][116]-> Fetching JDBC Connection from DataSource
2023-08-31 12:19:36 [DEBUG][org.mybatis.spring.transaction.SpringManagedTransaction][openConnection][87]-> JDBC Connection [HikariProxyConnection@158539461 wrapping com.mysql.cj.jdbc.ConnectionImpl@15da74c7] will not be managed by Spring
2023-08-31 12:19:36 [DEBUG][com.easypan.mappers.FileInfoMapper.selectList][debug][159]-> ==>  Preparing: SELECT file_id ,user_id,file_md5,file_pid,file_size, file_name,file_cover,file_path,create_time,last_update_time, folder_type,file_category,file_type,status,recovery_time, del_flag FROM file_info f WHERE del_flag = ? and recovery_time< date_sub(now(),interval 10 day) 
2023-08-31 12:19:36 [DEBUG][com.easypan.mappers.FileInfoMapper.selectList][debug][159]-> ==> Parameters: 1(Integer)
2023-08-31 12:19:36 [DEBUG][com.easypan.mappers.FileInfoMapper.selectList][debug][159]-> <==      Total: 0
2023-08-31 12:19:36 [DEBUG][org.mybatis.spring.SqlSessionUtils][closeSqlSession][191]-> Closing non transactional SqlSession [org.apache.ibatis.session.defaults.DefaultSqlSession@44afe27f]
2023-08-31 12:19:37 [DEBUG][com.zaxxer.hikari.pool.HikariPool][logPoolState][421]-> HikariCPDatasource - Before cleanup stats (total=6, active=1, idle=5, waiting=0)
2023-08-31 12:19:37 [DEBUG][com.zaxxer.hikari.pool.HikariPool][logPoolState][421]-> HikariCPDatasource - After cleanup  stats (total=6, active=1, idle=5, waiting=0)
2023-08-31 12:19:37 [DEBUG][com.zaxxer.hikari.pool.HikariPool][fillPool][518]-> HikariCPDatasource - Fill pool skipped, pool is at sufficient level.
2023-08-31 12:20:07 [DEBUG][com.zaxxer.hikari.pool.HikariPool][logPoolState][421]-> HikariCPDatasource - Before cleanup stats (total=6, active=1, idle=5, waiting=0)
2023-08-31 12:20:07 [DEBUG][com.zaxxer.hikari.pool.HikariPool][logPoolState][421]-> HikariCPDatasource - After cleanup  stats (total=6, active=1, idle=5, waiting=0)
2023-08-31 12:20:07 [DEBUG][com.zaxxer.hikari.pool.HikariPool][fillPool][518]-> HikariCPDatasource - Fill pool skipped, pool is at sufficient level.
2023-08-31 12:20:37 [DEBUG][com.zaxxer.hikari.pool.HikariPool][logPoolState][421]-> HikariCPDatasource - Before cleanup stats (total=6, active=1, idle=5, waiting=0)
2023-08-31 12:20:37 [DEBUG][com.zaxxer.hikari.pool.HikariPool][logPoolState][421]-> HikariCPDatasource - After cleanup  stats (total=6, active=1, idle=5, waiting=0)
2023-08-31 12:20:37 [DEBUG][com.zaxxer.hikari.pool.HikariPool][fillPool][518]-> HikariCPDatasource - Fill pool skipped, pool is at sufficient level.
2023-08-31 12:21:07 [DEBUG][com.zaxxer.hikari.pool.HikariPool][logPoolState][421]-> HikariCPDatasource - Before cleanup stats (total=6, active=1, idle=5, waiting=0)
2023-08-31 12:21:07 [DEBUG][com.zaxxer.hikari.pool.HikariPool][logPoolState][421]-> HikariCPDatasource - After cleanup  stats (total=6, active=1, idle=5, waiting=0)
2023-08-31 12:21:07 [DEBUG][com.zaxxer.hikari.pool.HikariPool][fillPool][518]-> HikariCPDatasource - Fill pool skipped, pool is at sufficient level.
2023-08-31 12:21:37 [DEBUG][com.zaxxer.hikari.pool.HikariPool][logPoolState][421]-> HikariCPDatasource - Before cleanup stats (total=6, active=1, idle=5, waiting=0)
2023-08-31 12:21:37 [DEBUG][com.zaxxer.hikari.pool.HikariPool][logPoolState][421]-> HikariCPDatasource - After cleanup  stats (total=6, active=1, idle=5, waiting=0)
2023-08-31 12:21:37 [DEBUG][com.zaxxer.hikari.pool.HikariPool][fillPool][518]-> HikariCPDatasource - Fill pool skipped, pool is at sufficient level.
2023-08-31 12:22:07 [DEBUG][com.zaxxer.hikari.pool.HikariPool][logPoolState][421]-> HikariCPDatasource - Before cleanup stats (total=6, active=1, idle=5, waiting=0)
2023-08-31 12:22:07 [DEBUG][com.zaxxer.hikari.pool.HikariPool][logPoolState][421]-> HikariCPDatasource - After cleanup  stats (total=6, active=1, idle=5, waiting=0)
2023-08-31 12:22:07 [DEBUG][com.zaxxer.hikari.pool.HikariPool][fillPool][518]-> HikariCPDatasource - Fill pool skipped, pool is at sufficient level.
2023-08-31 12:22:36 [DEBUG][org.mybatis.spring.SqlSessionUtils][getSqlSession][97]-> Creating a new SqlSession
2023-08-31 12:22:36 [DEBUG][org.mybatis.spring.SqlSessionUtils][registerSessionHolder][148]-> SqlSession [org.apache.ibatis.session.defaults.DefaultSqlSession@512646f3] was not registered for synchronization because synchronization is not active
2023-08-31 12:22:36 [DEBUG][org.springframework.jdbc.datasource.DataSourceUtils][doGetConnection][116]-> Fetching JDBC Connection from DataSource
2023-08-31 12:22:36 [DEBUG][org.mybatis.spring.transaction.SpringManagedTransaction][openConnection][87]-> JDBC Connection [HikariProxyConnection@1076416244 wrapping com.mysql.cj.jdbc.ConnectionImpl@15da74c7] will not be managed by Spring
2023-08-31 12:22:36 [DEBUG][com.easypan.mappers.FileInfoMapper.selectList][debug][159]-> ==>  Preparing: SELECT file_id ,user_id,file_md5,file_pid,file_size, file_name,file_cover,file_path,create_time,last_update_time, folder_type,file_category,file_type,status,recovery_time, del_flag FROM file_info f WHERE del_flag = ? and recovery_time< date_sub(now(),interval 10 day) 
2023-08-31 12:22:36 [DEBUG][com.easypan.mappers.FileInfoMapper.selectList][debug][159]-> ==> Parameters: 1(Integer)
2023-08-31 12:22:36 [DEBUG][com.easypan.mappers.FileInfoMapper.selectList][debug][159]-> <==      Total: 0
2023-08-31 12:22:36 [DEBUG][org.mybatis.spring.SqlSessionUtils][closeSqlSession][191]-> Closing non transactional SqlSession [org.apache.ibatis.session.defaults.DefaultSqlSession@512646f3]
2023-08-31 12:22:37 [DEBUG][com.zaxxer.hikari.pool.HikariPool][logPoolState][421]-> HikariCPDatasource - Before cleanup stats (total=6, active=1, idle=5, waiting=0)
2023-08-31 12:22:37 [DEBUG][com.zaxxer.hikari.pool.HikariPool][logPoolState][421]-> HikariCPDatasource - After cleanup  stats (total=6, active=1, idle=5, waiting=0)
2023-08-31 12:22:37 [DEBUG][com.zaxxer.hikari.pool.HikariPool][fillPool][518]-> HikariCPDatasource - Fill pool skipped, pool is at sufficient level.
2023-08-31 12:23:07 [DEBUG][com.zaxxer.hikari.pool.HikariPool][logPoolState][421]-> HikariCPDatasource - Before cleanup stats (total=6, active=1, idle=5, waiting=0)
2023-08-31 12:23:07 [DEBUG][com.zaxxer.hikari.pool.HikariPool][logPoolState][421]-> HikariCPDatasource - After cleanup  stats (total=6, active=1, idle=5, waiting=0)
2023-08-31 12:23:07 [DEBUG][com.zaxxer.hikari.pool.HikariPool][fillPool][518]-> HikariCPDatasource - Fill pool skipped, pool is at sufficient level.
2023-08-31 12:23:37 [DEBUG][com.zaxxer.hikari.pool.HikariPool][logPoolState][421]-> HikariCPDatasource - Before cleanup stats (total=6, active=1, idle=5, waiting=0)
2023-08-31 12:23:37 [DEBUG][com.zaxxer.hikari.pool.HikariPool][logPoolState][421]-> HikariCPDatasource - After cleanup  stats (total=6, active=1, idle=5, waiting=0)
2023-08-31 12:23:37 [DEBUG][com.zaxxer.hikari.pool.HikariPool][fillPool][518]-> HikariCPDatasource - Fill pool skipped, pool is at sufficient level.
2023-08-31 12:24:07 [DEBUG][com.zaxxer.hikari.pool.HikariPool][logPoolState][421]-> HikariCPDatasource - Before cleanup stats (total=6, active=1, idle=5, waiting=0)
2023-08-31 12:24:07 [DEBUG][com.zaxxer.hikari.pool.HikariPool][logPoolState][421]-> HikariCPDatasource - After cleanup  stats (total=6, active=1, idle=5, waiting=0)
2023-08-31 12:24:07 [DEBUG][com.zaxxer.hikari.pool.HikariPool][fillPool][518]-> HikariCPDatasource - Fill pool skipped, pool is at sufficient level.
2023-08-31 12:24:15 [DEBUG][com.zaxxer.hikari.pool.PoolBase][quietlyCloseConnection][134]-> HikariCPDatasource - Closing connection com.mysql.cj.jdbc.ConnectionImpl@15da74c7: (connection has passed maxLifetime)
2023-08-31 12:24:15 [DEBUG][com.zaxxer.hikari.pool.HikariPool][call][729]-> HikariCPDatasource - Added connection com.mysql.cj.jdbc.ConnectionImpl@4e7fe4c
2023-08-31 12:24:22 [DEBUG][com.zaxxer.hikari.pool.PoolBase][quietlyCloseConnection][134]-> HikariCPDatasource - Closing connection com.mysql.cj.jdbc.ConnectionImpl@15ca9a74: (connection has passed maxLifetime)
2023-08-31 12:24:22 [DEBUG][com.zaxxer.hikari.pool.HikariPool][call][729]-> HikariCPDatasource - Added connection com.mysql.cj.jdbc.ConnectionImpl@76fa9679
2023-08-31 12:24:37 [DEBUG][com.zaxxer.hikari.pool.HikariPool][logPoolState][421]-> HikariCPDatasource - Before cleanup stats (total=6, active=1, idle=5, waiting=0)
2023-08-31 12:24:37 [DEBUG][com.zaxxer.hikari.pool.HikariPool][logPoolState][421]-> HikariCPDatasource - After cleanup  stats (total=6, active=1, idle=5, waiting=0)
2023-08-31 12:24:37 [DEBUG][com.zaxxer.hikari.pool.HikariPool][fillPool][518]-> HikariCPDatasource - Fill pool skipped, pool is at sufficient level.
2023-08-31 12:24:52 [DEBUG][com.zaxxer.hikari.pool.PoolBase][quietlyCloseConnection][134]-> HikariCPDatasource - Closing connection com.mysql.cj.jdbc.ConnectionImpl@54f7904f: (connection has passed maxLifetime)
2023-08-31 12:24:52 [DEBUG][com.zaxxer.hikari.pool.HikariPool][call][729]-> HikariCPDatasource - Added connection com.mysql.cj.jdbc.ConnectionImpl@eea0332
2023-08-31 12:25:07 [DEBUG][com.zaxxer.hikari.pool.HikariPool][logPoolState][421]-> HikariCPDatasource - Before cleanup stats (total=6, active=1, idle=5, waiting=0)
2023-08-31 12:25:07 [DEBUG][com.zaxxer.hikari.pool.HikariPool][logPoolState][421]-> HikariCPDatasource - After cleanup  stats (total=6, active=1, idle=5, waiting=0)
2023-08-31 12:25:07 [DEBUG][com.zaxxer.hikari.pool.HikariPool][fillPool][518]-> HikariCPDatasource - Fill pool skipped, pool is at sufficient level.
2023-08-31 12:25:11 [DEBUG][com.zaxxer.hikari.pool.PoolBase][quietlyCloseConnection][134]-> HikariCPDatasource - Closing connection com.mysql.cj.jdbc.ConnectionImpl@1b3da2ac: (connection has passed maxLifetime)
2023-08-31 12:25:11 [DEBUG][com.zaxxer.hikari.pool.HikariPool][call][729]-> HikariCPDatasource - Added connection com.mysql.cj.jdbc.ConnectionImpl@6ef0a01d
2023-08-31 12:25:11 [DEBUG][com.zaxxer.hikari.pool.PoolBase][quietlyCloseConnection][134]-> HikariCPDatasource - Closing connection com.mysql.cj.jdbc.ConnectionImpl@4efb6f90: (connection has passed maxLifetime)
2023-08-31 12:25:11 [DEBUG][com.zaxxer.hikari.pool.HikariPool][call][729]-> HikariCPDatasource - Added connection com.mysql.cj.jdbc.ConnectionImpl@2fcdaa26
2023-08-31 12:25:36 [DEBUG][org.mybatis.spring.SqlSessionUtils][getSqlSession][97]-> Creating a new SqlSession
2023-08-31 12:25:36 [DEBUG][org.mybatis.spring.SqlSessionUtils][registerSessionHolder][148]-> SqlSession [org.apache.ibatis.session.defaults.DefaultSqlSession@46f03fd3] was not registered for synchronization because synchronization is not active
2023-08-31 12:25:36 [DEBUG][org.springframework.jdbc.datasource.DataSourceUtils][doGetConnection][116]-> Fetching JDBC Connection from DataSource
2023-08-31 12:25:36 [DEBUG][org.mybatis.spring.transaction.SpringManagedTransaction][openConnection][87]-> JDBC Connection [HikariProxyConnection@1922984520 wrapping com.mysql.cj.jdbc.ConnectionImpl@4e7fe4c] will not be managed by Spring
2023-08-31 12:25:36 [DEBUG][com.easypan.mappers.FileInfoMapper.selectList][debug][159]-> ==>  Preparing: SELECT file_id ,user_id,file_md5,file_pid,file_size, file_name,file_cover,file_path,create_time,last_update_time, folder_type,file_category,file_type,status,recovery_time, del_flag FROM file_info f WHERE del_flag = ? and recovery_time< date_sub(now(),interval 10 day) 
2023-08-31 12:25:36 [DEBUG][com.easypan.mappers.FileInfoMapper.selectList][debug][159]-> ==> Parameters: 1(Integer)
2023-08-31 12:25:36 [DEBUG][com.easypan.mappers.FileInfoMapper.selectList][debug][159]-> <==      Total: 0
2023-08-31 12:25:36 [DEBUG][org.mybatis.spring.SqlSessionUtils][closeSqlSession][191]-> Closing non transactional SqlSession [org.apache.ibatis.session.defaults.DefaultSqlSession@46f03fd3]
2023-08-31 12:25:37 [DEBUG][com.zaxxer.hikari.pool.HikariPool][logPoolState][421]-> HikariCPDatasource - Before cleanup stats (total=6, active=1, idle=5, waiting=0)
2023-08-31 12:25:37 [DEBUG][com.zaxxer.hikari.pool.HikariPool][logPoolState][421]-> HikariCPDatasource - After cleanup  stats (total=6, active=1, idle=5, waiting=0)
2023-08-31 12:25:37 [DEBUG][com.zaxxer.hikari.pool.HikariPool][fillPool][518]-> HikariCPDatasource - Fill pool skipped, pool is at sufficient level.
2023-08-31 12:26:07 [DEBUG][com.zaxxer.hikari.pool.HikariPool][logPoolState][421]-> HikariCPDatasource - Before cleanup stats (total=6, active=1, idle=5, waiting=0)
2023-08-31 12:26:07 [DEBUG][com.zaxxer.hikari.pool.HikariPool][logPoolState][421]-> HikariCPDatasource - After cleanup  stats (total=6, active=1, idle=5, waiting=0)
2023-08-31 12:26:07 [DEBUG][com.zaxxer.hikari.pool.HikariPool][fillPool][518]-> HikariCPDatasource - Fill pool skipped, pool is at sufficient level.
2023-08-31 12:26:37 [DEBUG][com.zaxxer.hikari.pool.HikariPool][logPoolState][421]-> HikariCPDatasource - Before cleanup stats (total=6, active=1, idle=5, waiting=0)
2023-08-31 12:26:37 [DEBUG][com.zaxxer.hikari.pool.HikariPool][logPoolState][421]-> HikariCPDatasource - After cleanup  stats (total=6, active=1, idle=5, waiting=0)
2023-08-31 12:26:37 [DEBUG][com.zaxxer.hikari.pool.HikariPool][fillPool][518]-> HikariCPDatasource - Fill pool skipped, pool is at sufficient level.
2023-08-31 12:27:07 [DEBUG][com.zaxxer.hikari.pool.HikariPool][logPoolState][421]-> HikariCPDatasource - Before cleanup stats (total=6, active=1, idle=5, waiting=0)
2023-08-31 12:27:07 [DEBUG][com.zaxxer.hikari.pool.HikariPool][logPoolState][421]-> HikariCPDatasource - After cleanup  stats (total=6, active=1, idle=5, waiting=0)
2023-08-31 12:27:07 [DEBUG][com.zaxxer.hikari.pool.HikariPool][fillPool][518]-> HikariCPDatasource - Fill pool skipped, pool is at sufficient level.
2023-08-31 12:27:37 [DEBUG][com.zaxxer.hikari.pool.HikariPool][logPoolState][421]-> HikariCPDatasource - Before cleanup stats (total=6, active=1, idle=5, waiting=0)
2023-08-31 12:27:37 [DEBUG][com.zaxxer.hikari.pool.HikariPool][logPoolState][421]-> HikariCPDatasource - After cleanup  stats (total=6, active=1, idle=5, waiting=0)
2023-08-31 12:27:37 [DEBUG][com.zaxxer.hikari.pool.HikariPool][fillPool][518]-> HikariCPDatasource - Fill pool skipped, pool is at sufficient level.
2023-08-31 12:28:07 [DEBUG][com.zaxxer.hikari.pool.HikariPool][logPoolState][421]-> HikariCPDatasource - Before cleanup stats (total=6, active=1, idle=5, waiting=0)
2023-08-31 12:28:07 [DEBUG][com.zaxxer.hikari.pool.HikariPool][logPoolState][421]-> HikariCPDatasource - After cleanup  stats (total=6, active=1, idle=5, waiting=0)
2023-08-31 12:28:07 [DEBUG][com.zaxxer.hikari.pool.HikariPool][fillPool][518]-> HikariCPDatasource - Fill pool skipped, pool is at sufficient level.
2023-08-31 12:28:36 [DEBUG][org.mybatis.spring.SqlSessionUtils][getSqlSession][97]-> Creating a new SqlSession
2023-08-31 12:28:36 [DEBUG][org.mybatis.spring.SqlSessionUtils][registerSessionHolder][148]-> SqlSession [org.apache.ibatis.session.defaults.DefaultSqlSession@7456134] was not registered for synchronization because synchronization is not active
2023-08-31 12:28:36 [DEBUG][org.springframework.jdbc.datasource.DataSourceUtils][doGetConnection][116]-> Fetching JDBC Connection from DataSource
2023-08-31 12:28:36 [DEBUG][org.mybatis.spring.transaction.SpringManagedTransaction][openConnection][87]-> JDBC Connection [HikariProxyConnection@1219192525 wrapping com.mysql.cj.jdbc.ConnectionImpl@4e7fe4c] will not be managed by Spring
2023-08-31 12:28:36 [DEBUG][com.easypan.mappers.FileInfoMapper.selectList][debug][159]-> ==>  Preparing: SELECT file_id ,user_id,file_md5,file_pid,file_size, file_name,file_cover,file_path,create_time,last_update_time, folder_type,file_category,file_type,status,recovery_time, del_flag FROM file_info f WHERE del_flag = ? and recovery_time< date_sub(now(),interval 10 day) 
2023-08-31 12:28:36 [DEBUG][com.easypan.mappers.FileInfoMapper.selectList][debug][159]-> ==> Parameters: 1(Integer)
2023-08-31 12:28:36 [DEBUG][com.easypan.mappers.FileInfoMapper.selectList][debug][159]-> <==      Total: 0
2023-08-31 12:28:36 [DEBUG][org.mybatis.spring.SqlSessionUtils][closeSqlSession][191]-> Closing non transactional SqlSession [org.apache.ibatis.session.defaults.DefaultSqlSession@7456134]
2023-08-31 12:28:37 [DEBUG][com.zaxxer.hikari.pool.HikariPool][logPoolState][421]-> HikariCPDatasource - Before cleanup stats (total=6, active=1, idle=5, waiting=0)
2023-08-31 12:28:37 [DEBUG][com.zaxxer.hikari.pool.HikariPool][logPoolState][421]-> HikariCPDatasource - After cleanup  stats (total=6, active=1, idle=5, waiting=0)
2023-08-31 12:28:37 [DEBUG][com.zaxxer.hikari.pool.HikariPool][fillPool][518]-> HikariCPDatasource - Fill pool skipped, pool is at sufficient level.
2023-08-31 12:29:07 [DEBUG][com.zaxxer.hikari.pool.HikariPool][logPoolState][421]-> HikariCPDatasource - Before cleanup stats (total=6, active=1, idle=5, waiting=0)
2023-08-31 12:29:07 [DEBUG][com.zaxxer.hikari.pool.HikariPool][logPoolState][421]-> HikariCPDatasource - After cleanup  stats (total=6, active=1, idle=5, waiting=0)
2023-08-31 12:29:07 [DEBUG][com.zaxxer.hikari.pool.HikariPool][fillPool][518]-> HikariCPDatasource - Fill pool skipped, pool is at sufficient level.
2023-08-31 12:29:28 [DEBUG][org.springframework.boot.availability.ApplicationAvailabilityBean][onApplicationEvent][77]-> Application availability state ReadinessState changed from ACCEPTING_TRAFFIC to REFUSING_TRAFFIC
2023-08-31 12:29:28 [DEBUG][org.springframework.boot.web.servlet.context.AnnotationConfigServletWebServerApplicationContext][doClose][1049]-> Closing org.springframework.boot.web.servlet.context.AnnotationConfigServletWebServerApplicationContext@7e7b159b, started on Wed Aug 30 23:25:34 EDT 2023
2023-08-31 12:29:28 [DEBUG][org.springframework.boot.context.properties.source.ConfigurationPropertySourcesPropertyResolver$DefaultResolver][logKeyFound][115]-> Found key 'spring.liveBeansView.mbeanDomain' in PropertySource 'systemProperties' with value of type String
2023-08-31 12:29:28 [DEBUG][org.springframework.context.support.DefaultLifecycleProcessor][stop][365]-> Stopping beans in phase 2147483647
2023-08-31 12:29:28 [DEBUG][org.springframework.context.support.DefaultLifecycleProcessor][lambda$doStop$3][238]-> Bean 'webServerGracefulShutdown' completed its stop procedure
2023-08-31 12:29:28 [DEBUG][org.springframework.context.support.DefaultLifecycleProcessor][stop][365]-> Stopping beans in phase 2147483646
2023-08-31 12:29:28 [DEBUG][org.springframework.context.support.DefaultLifecycleProcessor][lambda$doStop$3][238]-> Bean 'webServerStartStop' completed its stop procedure
2023-08-31 12:29:28 [DEBUG][org.springframework.scheduling.concurrent.ThreadPoolTaskScheduler][shutdown][218]-> Shutting down ExecutorService 'taskScheduler'
2023-08-31 12:29:28 [DEBUG][org.springframework.data.redis.listener.RedisMessageListenerContainer][stop][242]-> Stopped RedisMessageListenerContainer
2023-08-31 12:29:28 [DEBUG][org.springframework.jmx.export.annotation.AnnotationMBeanExporter][destroy][452]-> Unregistering JMX-exposed beans on shutdown
2023-08-31 12:29:28 [DEBUG][org.springframework.jmx.export.annotation.AnnotationMBeanExporter][unregisterBeans][186]-> Unregistering JMX-exposed beans
2023-08-31 12:29:28 [DEBUG][org.springframework.scheduling.concurrent.ThreadPoolTaskExecutor][shutdown][218]-> Shutting down ExecutorService 'applicationTaskExecutor'
2023-08-31 12:29:28 [DEBUG][io.lettuce.core.RedisChannelHandler][closeAsync][141]-> closeAsync()
2023-08-31 12:29:28 [DEBUG][io.lettuce.core.protocol.DefaultEndpoint][closeAsync][590]-> [channel=0x81a37241, /127.0.0.1:65065 -> /127.0.0.1:6379, epid=0x1] closeAsync()
2023-08-31 12:29:28 [DEBUG][io.lettuce.core.AbstractRedisClient][shutdownAsync][539]-> Initiate shutdown (100, 100, MILLISECONDS)
2023-08-31 12:29:28 [DEBUG][io.lettuce.core.resource.DefaultEventLoopGroupProvider][doRelease][281]-> Release executor io.netty.channel.nio.NioEventLoopGroup@57920d6c
2023-08-31 12:29:28 [DEBUG][io.lettuce.core.protocol.CommandHandler][channelInactive][344]-> [channel=0x81a37241, /127.0.0.1:65065 -> /127.0.0.1:6379, epid=0x1, chid=0x1] channelInactive()
2023-08-31 12:29:28 [DEBUG][io.lettuce.core.protocol.DefaultEndpoint][lambda$notifyChannelInactive$3][504]-> [channel=0x81a37241, /127.0.0.1:65065 -> /127.0.0.1:6379, epid=0x1] deactivating endpoint handler
2023-08-31 12:29:28 [DEBUG][io.lettuce.core.protocol.CommandHandler][channelInactive][368]-> [channel=0x81a37241, /127.0.0.1:65065 -> /127.0.0.1:6379, epid=0x1, chid=0x1] channelInactive() done
2023-08-31 12:29:28 [DEBUG][io.lettuce.core.protocol.ConnectionWatchdog][channelInactive][196]-> [channel=0x81a37241, /127.0.0.1:65065 -> /127.0.0.1:6379, last known addr=/127.0.0.1:6379] channelInactive()
2023-08-31 12:29:28 [DEBUG][io.lettuce.core.protocol.ConnectionWatchdog][channelInactive][207]-> [channel=0x81a37241, /127.0.0.1:65065 -> /127.0.0.1:6379, last known addr=/127.0.0.1:6379] Reconnect scheduling disabled
2023-08-31 12:29:28 [DEBUG][io.lettuce.core.protocol.CommandHandler][channelUnregistered][227]-> [channel=0x81a37241, /127.0.0.1:65065 -> /127.0.0.1:6379, epid=0x1, chid=0x1] channelUnregistered()
2023-08-31 12:29:28 [DEBUG][io.netty.buffer.PoolThreadCache][free][224]-> Freed 9 thread-local buffer(s) from thread: lettuce-nioEventLoop-4-1
2023-08-31 12:29:28 [DEBUG][io.lettuce.core.resource.DefaultClientResources][shutdown][710]-> Initiate shutdown (0, 2, SECONDS)
2023-08-31 12:29:28 [DEBUG][io.lettuce.core.resource.DefaultEventLoopGroupProvider][shutdown][317]-> Initiate shutdown (0, 2, SECONDS)
2023-08-31 12:29:28 [INFO][com.zaxxer.hikari.HikariDataSource][close][350]-> HikariCPDatasource - Shutdown initiated...
2023-08-31 12:29:28 [DEBUG][com.zaxxer.hikari.pool.HikariPool][logPoolState][421]-> HikariCPDatasource - Before shutdown stats (total=6, active=1, idle=5, waiting=0)
2023-08-31 12:29:28 [DEBUG][com.zaxxer.hikari.pool.PoolBase][quietlyCloseConnection][134]-> HikariCPDatasource - Closing connection com.mysql.cj.jdbc.ConnectionImpl@4e7fe4c: (connection evicted)
2023-08-31 12:29:28 [DEBUG][com.zaxxer.hikari.pool.PoolBase][quietlyCloseConnection][134]-> HikariCPDatasource - Closing connection com.mysql.cj.jdbc.ConnectionImpl@76fa9679: (connection evicted)
2023-08-31 12:29:28 [DEBUG][com.zaxxer.hikari.pool.PoolBase][quietlyCloseConnection][134]-> HikariCPDatasource - Closing connection com.mysql.cj.jdbc.ConnectionImpl@eea0332: (connection evicted)
2023-08-31 12:29:28 [DEBUG][com.zaxxer.hikari.pool.PoolBase][quietlyCloseConnection][134]-> HikariCPDatasource - Closing connection com.mysql.cj.jdbc.ConnectionImpl@6ef0a01d: (connection evicted)
2023-08-31 12:29:28 [DEBUG][com.zaxxer.hikari.pool.PoolBase][quietlyCloseConnection][134]-> HikariCPDatasource - Closing connection com.mysql.cj.jdbc.ConnectionImpl@2fcdaa26: (connection evicted)
2023-08-31 12:29:28 [DEBUG][com.zaxxer.hikari.pool.HikariPool][logPoolState][421]-> HikariCPDatasource - After shutdown stats (total=0, active=0, idle=0, waiting=0)
2023-08-31 12:29:28 [INFO][com.zaxxer.hikari.HikariDataSource][close][352]-> HikariCPDatasource - Shutdown completed.
